run:
COMMAND LINE ARGUMENTS ARE: mistransmission, stochastic, some
Simulating stochastic model with mistransmission, showing some words

Generation at year 1500
Speaker 3 ================
reset: noun prob = 0.75, verb prob = 1.0
abstract: noun prob = 0.0, verb prob = 1.0
addict: noun prob = 1.0, verb prob = 1.0
sub-let: noun prob = 0.75, verb prob = 0.75
accent: noun prob = 0.0, verb prob = 0.0
Speaker 1 ================
reset: noun prob = 0.75, verb prob = 1.0
abstract: noun prob = 0.0, verb prob = 1.0
addict: noun prob = 1.0, verb prob = 1.0
sub-let: noun prob = 0.75, verb prob = 0.75
accent: noun prob = 0.0, verb prob = 0.0
Speaker 0 ================
reset: noun prob = 0.75, verb prob = 1.0
abstract: noun prob = 0.0, verb prob = 1.0
addict: noun prob = 1.0, verb prob = 1.0
sub-let: noun prob = 0.75, verb prob = 0.75
accent: noun prob = 0.0, verb prob = 0.0
Speaker 4 ================
reset: noun prob = 0.75, verb prob = 1.0
abstract: noun prob = 0.0, verb prob = 1.0
addict: noun prob = 1.0, verb prob = 1.0
sub-let: noun prob = 0.75, verb prob = 0.75
accent: noun prob = 0.0, verb prob = 0.0
Speaker 2 ================
reset: noun prob = 0.75, verb prob = 1.0
abstract: noun prob = 0.0, verb prob = 1.0
addict: noun prob = 1.0, verb prob = 1.0
sub-let: noun prob = 0.75, verb prob = 0.75
accent: noun prob = 0.0, verb prob = 0.0

Generation at year 1525
Speaker 3 ================
reset: noun prob = 0.6695501730103807, verb prob = 1.0
abstract: noun prob = 0.0, verb prob = 1.0
addict: noun prob = 0.898815931108719, verb prob = 1.0
sub-let: noun prob = 0.6838768115942029, verb prob = 0.7750737463126843
accent: noun prob = 0.0, verb prob = 0.09333333333333334
Speaker 4 ================
reset: noun prob = 0.6188994590565455, verb prob = 1.0
abstract: noun prob = 0.0, verb prob = 1.0
addict: noun prob = 0.8329247777606025, verb prob = 1.0
sub-let: noun prob = 0.6233150396284114, verb prob = 0.789712029092286
accent: noun prob = 0.0, verb prob = 0.15875362378370655
Speaker 0 ================
reset: noun prob = 0.6093114466526726, verb prob = 1.0
abstract: noun prob = 0.0, verb prob = 1.0
addict: noun prob = 0.8632896417077034, verb prob = 1.0
sub-let: noun prob = 0.6499165387041309, verb prob = 0.7837307237135627
accent: noun prob = 0.0, verb prob = 0.1332500760755762
Speaker 1 ================
reset: noun prob = 0.6522755487466653, verb prob = 1.0
abstract: noun prob = 0.0, verb prob = 1.0
addict: noun prob = 0.8743992836243498, verb prob = 1.0
sub-let: noun prob = 0.6589202338263859, verb prob = 0.7789157493344845
accent: noun prob = 0.0, verb prob = 0.10702683037744429
Speaker 2 ================
reset: noun prob = 0.5783569347105824, verb prob = 1.0
abstract: noun prob = 0.0, verb prob = 1.0
addict: noun prob = 0.8132448416971921, verb prob = 1.0
sub-let: noun prob = 0.6007426085448297, verb prob = 0.7983737533629206
accent: noun prob = 0.0, verb prob = 0.18233577060108072

Generation at year 1550
Speaker 0 ================
reset: noun prob = 0.4661199236685574, verb prob = 1.0
abstract: noun prob = 0.0, verb prob = 1.0
addict: noun prob = 0.7293036640216238, verb prob = 1.0
sub-let: noun prob = 0.5528331100933209, verb prob = 0.8163763489676197
accent: noun prob = 0.0, verb prob = 0.24853003135269103
Speaker 1 ================
reset: noun prob = 0.4992677978959456, verb prob = 1.0
abstract: noun prob = 0.0, verb prob = 1.0
addict: noun prob = 0.71038276295362, verb prob = 1.0
sub-let: noun prob = 0.5396734654613733, verb prob = 0.8265071242069856
accent: noun prob = 0.0, verb prob = 0.29925296843457455
Speaker 4 ================
reset: noun prob = 0.5449807450091956, verb prob = 1.0
abstract: noun prob = 0.0, verb prob = 1.0
addict: noun prob = 0.7600349596110876, verb prob = 1.0
sub-let: noun prob = 0.5761054510770114, verb prob = 0.8096453413173109
accent: noun prob = 0.0, verb prob = 0.25756643126651363
Speaker 3 ================
reset: noun prob = 0.5499044739051343, verb prob = 1.0
abstract: noun prob = 0.0, verb prob = 1.0
addict: noun prob = 0.7864631491800813, verb prob = 1.0
sub-let: noun prob = 0.5773094264727983, verb prob = 0.8048072262886778
accent: noun prob = 0.0, verb prob = 0.22277679580182969
Speaker 2 ================
reset: noun prob = 0.47114504575547084, verb prob = 1.0
abstract: noun prob = 0.0, verb prob = 1.0
addict: noun prob = 0.6936572900139976, verb prob = 1.0
sub-let: noun prob = 0.5100273110455057, verb prob = 0.8288664999095043
accent: noun prob = 0.0, verb prob = 0.31847068481391627

Generation at year 1575
Speaker 2 ================
reset: noun prob = 0.39556461528235826, verb prob = 1.0
abstract: noun prob = 0.0, verb prob = 1.0
addict: noun prob = 0.5817174275133822, verb prob = 1.0
sub-let: noun prob = 0.43887353141920643, verb prob = 0.8567033257416204
accent: noun prob = 0.0, verb prob = 0.4122073655435617
Speaker 0 ================
reset: noun prob = 0.4616115151368436, verb prob = 1.0
abstract: noun prob = 0.0, verb prob = 1.0
addict: noun prob = 0.6373697325035925, verb prob = 1.0
sub-let: noun prob = 0.4918136209194531, verb prob = 0.8376823154834342
accent: noun prob = 0.0, verb prob = 0.3395060948498595
Speaker 4 ================
reset: noun prob = 0.4398695707612951, verb prob = 1.0
abstract: noun prob = 0.0, verb prob = 1.0
addict: noun prob = 0.6355623151940225, verb prob = 1.0
sub-let: noun prob = 0.46839319157521947, verb prob = 0.8398689746621578
accent: noun prob = 0.0, verb prob = 0.3615495686765138
Speaker 3 ================
reset: noun prob = 0.41090043091398026, verb prob = 1.0
abstract: noun prob = 0.0, verb prob = 1.0
addict: noun prob = 0.6229263332336651, verb prob = 1.0
sub-let: noun prob = 0.46354936495145954, verb prob = 0.8471888990874248
accent: noun prob = 0.0, verb prob = 0.3874389044473996
Speaker 1 ================
reset: noun prob = 0.4524738851240625, verb prob = 1.0
abstract: noun prob = 0.0, verb prob = 1.0
addict: noun prob = 0.6510567106028643, verb prob = 1.0
sub-let: noun prob = 0.4875877193384669, verb prob = 0.8339406072640967
accent: noun prob = 0.0, verb prob = 0.3526394546960485

Generation at year 1600
Speaker 3 ================
reset: noun prob = 0.3578419090164042, verb prob = 1.0
abstract: noun prob = 0.0, verb prob = 1.0
addict: noun prob = 0.5407936822317846, verb prob = 1.0
sub-let: noun prob = 0.39167144648831065, verb prob = 0.86998398967404
accent: noun prob = 0.0, verb prob = 0.47382269485753165
Speaker 0 ================
reset: noun prob = 0.35333817711905785, verb prob = 1.0
abstract: noun prob = 0.0, verb prob = 1.0
addict: noun prob = 0.5857285833672855, verb prob = 1.0
sub-let: noun prob = 0.413099795455718, verb prob = 0.8605342297837456
accent: noun prob = 0.0, verb prob = 0.4337635378519473
Speaker 4 ================
reset: noun prob = 0.36896498099671265, verb prob = 1.0
abstract: noun prob = 0.0, verb prob = 1.0
addict: noun prob = 0.5619112625190184, verb prob = 1.0
sub-let: noun prob = 0.42546961828947844, verb prob = 0.8653350112141652
accent: noun prob = 0.0, verb prob = 0.4600912226478853
Speaker 1 ================
reset: noun prob = 0.3408825237356873, verb prob = 1.0
abstract: noun prob = 0.0, verb prob = 1.0
addict: noun prob = 0.5290361321297293, verb prob = 1.0
sub-let: noun prob = 0.38173531828232216, verb prob = 0.8675211814665875
accent: noun prob = 0.0, verb prob = 0.49912448501531925
Speaker 2 ================
reset: noun prob = 0.38041210200095527, verb prob = 1.0
abstract: noun prob = 0.0, verb prob = 1.0
addict: noun prob = 0.5759745493781685, verb prob = 1.0
sub-let: noun prob = 0.4194485271169292, verb prob = 0.8608512941704939
accent: noun prob = 0.0, verb prob = 0.4511641956186133

Generation at year 1625
Speaker 3 ================
reset: noun prob = 0.32662781974507277, verb prob = 1.0
abstract: noun prob = 0.0, verb prob = 1.0
addict: noun prob = 0.49975288228185033, verb prob = 1.0
sub-let: noun prob = 0.3562353469298026, verb prob = 0.8748123137351247
accent: noun prob = 0.0, verb prob = 0.5213601104230622
Speaker 2 ================
reset: noun prob = 0.29248297844373367, verb prob = 1.0
abstract: noun prob = 0.0, verb prob = 1.0
addict: noun prob = 0.4481319474422019, verb prob = 1.0
sub-let: noun prob = 0.3331030357668379, verb prob = 0.8891433261339183
accent: noun prob = 0.0, verb prob = 0.5745385150673459
Speaker 1 ================
reset: noun prob = 0.2951048611346249, verb prob = 1.0
abstract: noun prob = 0.0, verb prob = 1.0
addict: noun prob = 0.4693012532495229, verb prob = 1.0
sub-let: noun prob = 0.3416918644956484, verb prob = 0.8831636012372721
accent: noun prob = 0.0, verb prob = 0.5504676564805825
Speaker 0 ================
reset: noun prob = 0.29156657000429176, verb prob = 1.0
abstract: noun prob = 0.0, verb prob = 1.0
addict: noun prob = 0.49780310471652994, verb prob = 1.0
sub-let: noun prob = 0.3675539994112339, verb prob = 0.8784971346609001
accent: noun prob = 0.0, verb prob = 0.5349008292232781
Speaker 4 ================
reset: noun prob = 0.3146134152013461, verb prob = 1.0
abstract: noun prob = 0.0, verb prob = 1.0
addict: noun prob = 0.48370522440151537, verb prob = 1.0
sub-let: noun prob = 0.35288011455307766, verb prob = 0.8832414387528233
accent: noun prob = 0.0, verb prob = 0.5454027734809973

Generation at year 1650
Speaker 1 ================
reset: noun prob = 0.26235662948327665, verb prob = 1.0
abstract: noun prob = 0.0, verb prob = 1.0
addict: noun prob = 0.4081535311073205, verb prob = 1.0
sub-let: noun prob = 0.30522157241020065, verb prob = 0.8989237855412149
accent: noun prob = 0.0, verb prob = 0.6054279318512261
Speaker 3 ================
reset: noun prob = 0.2704094675736822, verb prob = 1.0
abstract: noun prob = 0.0, verb prob = 1.0
addict: noun prob = 0.43377896795628873, verb prob = 1.0
sub-let: noun prob = 0.3088330878367919, verb prob = 0.8939780387103786
accent: noun prob = 0.0, verb prob = 0.5896347689259966
Speaker 0 ================
reset: noun prob = 0.2637154887079223, verb prob = 1.0
abstract: noun prob = 0.0, verb prob = 1.0
addict: noun prob = 0.3925263762877311, verb prob = 1.0
sub-let: noun prob = 0.30439070582279976, verb prob = 0.900464376907905
accent: noun prob = 0.0, verb prob = 0.6196361408839506
Speaker 2 ================
reset: noun prob = 0.26204245149824024, verb prob = 1.0
abstract: noun prob = 0.0, verb prob = 1.0
addict: noun prob = 0.4180349271226026, verb prob = 1.0
sub-let: noun prob = 0.3112280089185584, verb prob = 0.8989323147457702
accent: noun prob = 0.0, verb prob = 0.6017225415197835
Speaker 4 ================
reset: noun prob = 0.24146492560318558, verb prob = 1.0
abstract: noun prob = 0.0, verb prob = 1.0
addict: noun prob = 0.3872966756417991, verb prob = 1.0
sub-let: noun prob = 0.28729432579367475, verb prob = 0.9060834461851313
accent: noun prob = 0.0, verb prob = 0.6336945081556346

Generation at year 1675
Speaker 2 ================
reset: noun prob = 0.2194840322302973, verb prob = 1.0
abstract: noun prob = 0.0, verb prob = 1.0
addict: noun prob = 0.33213350497571426, verb prob = 1.0
sub-let: noun prob = 0.24711633781636091, verb prob = 0.9172450777317236
accent: noun prob = 0.0, verb prob = 0.6777938865206053
Speaker 3 ================
reset: noun prob = 0.22160924623616077, verb prob = 1.0
abstract: noun prob = 0.0, verb prob = 1.0
addict: noun prob = 0.3564290905866957, verb prob = 1.0
sub-let: noun prob = 0.26915832349577595, verb prob = 0.911760775192304
accent: noun prob = 0.0, verb prob = 0.6589300389344619
Speaker 0 ================
reset: noun prob = 0.23818197031714636, verb prob = 1.0
abstract: noun prob = 0.0, verb prob = 1.0
addict: noun prob = 0.34127257430779934, verb prob = 1.0
sub-let: noun prob = 0.2664322792848873, verb prob = 0.9164304442651361
accent: noun prob = 0.0, verb prob = 0.6643751872434694
Speaker 4 ================
reset: noun prob = 0.210789711691108, verb prob = 1.0
abstract: noun prob = 0.0, verb prob = 1.0
addict: noun prob = 0.32696865754038545, verb prob = 1.0
sub-let: noun prob = 0.24139241302393527, verb prob = 0.9211609815692929
accent: noun prob = 0.0, verb prob = 0.6835900418912644
Speaker 1 ================
reset: noun prob = 0.2381659168610028, verb prob = 1.0
abstract: noun prob = 0.0, verb prob = 1.0
addict: noun prob = 0.36307766235929156, verb prob = 1.0
sub-let: noun prob = 0.2779804214577371, verb prob = 0.9101631806670613
accent: noun prob = 0.0, verb prob = 0.6419448826383427

Generation at year 1700
Speaker 2 ================
reset: noun prob = 0.19912693422667468, verb prob = 1.0
abstract: noun prob = 0.0, verb prob = 1.0
addict: noun prob = 0.3024256442255916, verb prob = 1.0
sub-let: noun prob = 0.22695973857274504, verb prob = 0.9238442768416143
accent: noun prob = 0.0, verb prob = 0.6977563803675638
Speaker 0 ================
reset: noun prob = 0.18995378965169718, verb prob = 1.0
abstract: noun prob = 0.0, verb prob = 1.0
addict: noun prob = 0.2828181694238757, verb prob = 1.0
sub-let: noun prob = 0.21984401890803706, verb prob = 0.9286745446527391
accent: noun prob = 0.0, verb prob = 0.705669202423409
Speaker 4 ================
reset: noun prob = 0.18778773118590342, verb prob = 1.0
abstract: noun prob = 0.0, verb prob = 1.0
addict: noun prob = 0.28320403049541937, verb prob = 1.0
sub-let: noun prob = 0.2169411528277556, verb prob = 0.9306961570016025
accent: noun prob = 0.0, verb prob = 0.714253066816711
Speaker 3 ================
reset: noun prob = 0.1901402749303522, verb prob = 1.0
abstract: noun prob = 0.0, verb prob = 1.0
addict: noun prob = 0.29910069387604865, verb prob = 1.0
sub-let: noun prob = 0.22480102068991997, verb prob = 0.9262583466434352
accent: noun prob = 0.0, verb prob = 0.7005219973208852
Speaker 1 ================
reset: noun prob = 0.18240028488198132, verb prob = 1.0
abstract: noun prob = 0.0, verb prob = 1.0
addict: noun prob = 0.27320447878232973, verb prob = 1.0
sub-let: noun prob = 0.21286099421107885, verb prob = 0.9334695212246826
accent: noun prob = 0.0, verb prob = 0.7184986370558885

Generation at year 1725
Speaker 0 ================
reset: noun prob = 0.15136839604041588, verb prob = 1.0
abstract: noun prob = 0.0, verb prob = 1.0
addict: noun prob = 0.24880199305036577, verb prob = 1.0
sub-let: noun prob = 0.19560430160174674, verb prob = 0.9377636810491966
accent: noun prob = 0.0, verb prob = 0.7439388934225055
Speaker 4 ================
reset: noun prob = 0.15681746005817085, verb prob = 1.0
abstract: noun prob = 0.0, verb prob = 1.0
addict: noun prob = 0.24758632526050295, verb prob = 1.0
sub-let: noun prob = 0.19317009531255025, verb prob = 0.938747943560761
accent: noun prob = 0.0, verb prob = 0.7513782680368054
Speaker 3 ================
reset: noun prob = 0.15519669156062962, verb prob = 1.0
abstract: noun prob = 0.0, verb prob = 1.0
addict: noun prob = 0.24076401286922866, verb prob = 1.0
sub-let: noun prob = 0.1895992292300208, verb prob = 0.9414476230936063
accent: noun prob = 0.0, verb prob = 0.7595362280632849
Speaker 1 ================
reset: noun prob = 0.14549497603269637, verb prob = 1.0
abstract: noun prob = 0.0, verb prob = 1.0
addict: noun prob = 0.22446379312732495, verb prob = 1.0
sub-let: noun prob = 0.17697659420254905, verb prob = 0.9447118645476669
accent: noun prob = 0.0, verb prob = 0.7656593079453133
Speaker 2 ================
reset: noun prob = 0.16874032388116222, verb prob = 1.0
abstract: noun prob = 0.0, verb prob = 1.0
addict: noun prob = 0.2595117819257257, verb prob = 1.0
sub-let: noun prob = 0.19963000519422852, verb prob = 0.9362150327485336
accent: noun prob = 0.0, verb prob = 0.7351312269847836

Generation at year 1750
Speaker 1 ================
reset: noun prob = 0.13219231956072763, verb prob = 1.0
abstract: noun prob = 0.0, verb prob = 1.0
addict: noun prob = 0.20511954725242898, verb prob = 1.0
sub-let: noun prob = 0.15944865238478748, verb prob = 0.9507892376460727
accent: noun prob = 0.0, verb prob = 0.7901735373130208
Speaker 4 ================
reset: noun prob = 0.14085753646429353, verb prob = 1.0
abstract: noun prob = 0.0, verb prob = 1.0
addict: noun prob = 0.21511472041190466, verb prob = 1.0
sub-let: noun prob = 0.17070967654579894, verb prob = 0.9469241967095972
accent: noun prob = 0.0, verb prob = 0.7819565756564874
Speaker 0 ================
reset: noun prob = 0.1418009016162666, verb prob = 1.0
abstract: noun prob = 0.0, verb prob = 1.0
addict: noun prob = 0.22669742948251745, verb prob = 1.0
sub-let: noun prob = 0.17779713142187872, verb prob = 0.9459518673048845
accent: noun prob = 0.0, verb prob = 0.778809102041237
Speaker 2 ================
reset: noun prob = 0.1295372621002368, verb prob = 1.0
abstract: noun prob = 0.0, verb prob = 1.0
addict: noun prob = 0.19863673005224042, verb prob = 1.0
sub-let: noun prob = 0.15513447844978573, verb prob = 0.9502119912940339
accent: noun prob = 0.0, verb prob = 0.797057500570403
Speaker 3 ================
reset: noun prob = 0.136885662957078, verb prob = 1.0
abstract: noun prob = 0.0, verb prob = 1.0
addict: noun prob = 0.2076939261947066, verb prob = 1.0
sub-let: noun prob = 0.1650459757333511, verb prob = 0.9492658858348643
accent: noun prob = 0.0, verb prob = 0.7854992810036946

Generation at year 1775
Speaker 3 ================
reset: noun prob = 0.10890718343070149, verb prob = 1.0
abstract: noun prob = 0.0, verb prob = 1.0
addict: noun prob = 0.16505422894136532, verb prob = 1.0
sub-let: noun prob = 0.1343090414164634, verb prob = 0.9578885964549915
accent: noun prob = 0.0, verb prob = 0.8297409219220091
Speaker 0 ================
reset: noun prob = 0.11127014133222354, verb prob = 1.0
abstract: noun prob = 0.0, verb prob = 1.0
addict: noun prob = 0.17500421118766696, verb prob = 1.0
sub-let: noun prob = 0.14278155181246918, verb prob = 0.9560308121814487
accent: noun prob = 0.0, verb prob = 0.8207774613878213
Speaker 4 ================
reset: noun prob = 0.12205907897851206, verb prob = 1.0
abstract: noun prob = 0.0, verb prob = 1.0
addict: noun prob = 0.18536723613051106, verb prob = 1.0
sub-let: noun prob = 0.1480504211692257, verb prob = 0.9546844449506893
accent: noun prob = 0.0, verb prob = 0.8134638057489233
Speaker 1 ================
reset: noun prob = 0.1219903366402514, verb prob = 1.0
abstract: noun prob = 0.0, verb prob = 1.0
addict: noun prob = 0.18643655006921125, verb prob = 1.0
sub-let: noun prob = 0.14684471886610673, verb prob = 0.9534614818712597
accent: noun prob = 0.0, verb prob = 0.812306935278915
Speaker 2 ================
reset: noun prob = 0.11306739569717984, verb prob = 1.0
abstract: noun prob = 0.0, verb prob = 1.0
addict: noun prob = 0.17255598867019178, verb prob = 1.0
sub-let: noun prob = 0.13473015929438906, verb prob = 0.9577790770566432
accent: noun prob = 0.0, verb prob = 0.8268946870679412

Generation at year 1800
Speaker 1 ================
reset: noun prob = 0.09638729422885282, verb prob = 1.0
abstract: noun prob = 0.0, verb prob = 1.0
addict: noun prob = 0.14929176574259345, verb prob = 1.0
sub-let: noun prob = 0.11667139733249386, verb prob = 0.9620074787216556
accent: noun prob = 0.0, verb prob = 0.846526305382916
Speaker 3 ================
reset: noun prob = 0.10267445880433852, verb prob = 1.0
abstract: noun prob = 0.0, verb prob = 1.0
addict: noun prob = 0.16069945607300554, verb prob = 1.0
sub-let: noun prob = 0.127345424118057, verb prob = 0.9598654415735369
accent: noun prob = 0.0, verb prob = 0.8373773311348839
Speaker 4 ================
reset: noun prob = 0.1017194819198165, verb prob = 1.0
abstract: noun prob = 0.0, verb prob = 1.0
addict: noun prob = 0.15786261786750438, verb prob = 1.0
sub-let: noun prob = 0.12283935938043457, verb prob = 0.9625150868932766
accent: noun prob = 0.0, verb prob = 0.8426765154435287
Speaker 0 ================
reset: noun prob = 0.10413472797075098, verb prob = 1.0
abstract: noun prob = 0.0, verb prob = 1.0
addict: noun prob = 0.1600115349328339, verb prob = 1.0
sub-let: noun prob = 0.12430558710923911, verb prob = 0.9614192583405315
accent: noun prob = 0.0, verb prob = 0.8399656211022146
Speaker 2 ================
reset: noun prob = 0.09547981909425136, verb prob = 1.0
abstract: noun prob = 0.0, verb prob = 1.0
addict: noun prob = 0.14319464756036251, verb prob = 1.0
sub-let: noun prob = 0.1108350287811295, verb prob = 0.9645946902330758
accent: noun prob = 0.0, verb prob = 0.855569570767731

Generation at year 1825
Speaker 2 ================
reset: noun prob = 0.07990674058081153, verb prob = 1.0
abstract: noun prob = 0.0, verb prob = 1.0
addict: noun prob = 0.1254843473485758, verb prob = 1.0
sub-let: noun prob = 0.0962871589154844, verb prob = 0.9705162291342564
accent: noun prob = 0.0, verb prob = 0.8782542519812365
Speaker 4 ================
reset: noun prob = 0.08443181808469315, verb prob = 1.0
abstract: noun prob = 0.0, verb prob = 1.0
addict: noun prob = 0.13308339907968691, verb prob = 1.0
sub-let: noun prob = 0.10089795421393596, verb prob = 0.9677814937926116
accent: noun prob = 0.0, verb prob = 0.8672349689548269
Speaker 1 ================
reset: noun prob = 0.0899293619155595, verb prob = 1.0
abstract: noun prob = 0.0, verb prob = 1.0
addict: noun prob = 0.14182167033353943, verb prob = 1.0
sub-let: noun prob = 0.10845251569799652, verb prob = 0.9668368577674433
accent: noun prob = 0.0, verb prob = 0.860129334675255
Speaker 3 ================
reset: noun prob = 0.08887463039669646, verb prob = 1.0
abstract: noun prob = 0.0, verb prob = 1.0
addict: noun prob = 0.1379229168046758, verb prob = 1.0
sub-let: noun prob = 0.10685133979220007, verb prob = 0.9670795652578025
accent: noun prob = 0.0, verb prob = 0.8640754522047533
Speaker 0 ================
reset: noun prob = 0.08167947484622672, verb prob = 1.0
abstract: noun prob = 0.0, verb prob = 1.0
addict: noun prob = 0.13361403148197531, verb prob = 1.0
sub-let: noun prob = 0.09816584650828923, verb prob = 0.9686623712549589
accent: noun prob = 0.0, verb prob = 0.8731118208251178

Generation at year 1850
Speaker 2 ================
reset: noun prob = 0.07690592549968266, verb prob = 1.0
abstract: noun prob = 0.0, verb prob = 1.0
addict: noun prob = 0.12000152819213968, verb prob = 1.0
sub-let: noun prob = 0.0911376996443555, verb prob = 0.9717285462610623
accent: noun prob = 0.0, verb prob = 0.8823163925706317
Speaker 0 ================
reset: noun prob = 0.06785049723232411, verb prob = 1.0
abstract: noun prob = 0.0, verb prob = 1.0
addict: noun prob = 0.10660571283521154, verb prob = 1.0
sub-let: noun prob = 0.08235198951052136, verb prob = 0.9740576479999689
accent: noun prob = 0.0, verb prob = 0.8950222287261116
Speaker 4 ================
reset: noun prob = 0.07927055205658247, verb prob = 1.0
abstract: noun prob = 0.0, verb prob = 1.0
addict: noun prob = 0.11798811179342694, verb prob = 1.0
sub-let: noun prob = 0.09270190525865825, verb prob = 0.9713040901597458
accent: noun prob = 0.0, verb prob = 0.8831619367179158
Speaker 3 ================
reset: noun prob = 0.07147692174772366, verb prob = 1.0
abstract: noun prob = 0.0, verb prob = 1.0
addict: noun prob = 0.11533246375553809, verb prob = 1.0
sub-let: noun prob = 0.08545012641264345, verb prob = 0.9730063454479894
accent: noun prob = 0.0, verb prob = 0.8879407952012783
Speaker 1 ================
reset: noun prob = 0.07515327683295452, verb prob = 1.0
abstract: noun prob = 0.0, verb prob = 1.0
addict: noun prob = 0.118514788216029, verb prob = 1.0
sub-let: noun prob = 0.08984892374689464, verb prob = 0.9726726852948133
accent: noun prob = 0.0, verb prob = 0.8849032055361015

Generation at year 1875
Speaker 1 ================
reset: noun prob = 0.0603118054559939, verb prob = 1.0
abstract: noun prob = 0.0, verb prob = 1.0
addict: noun prob = 0.09134674781546744, verb prob = 1.0
sub-let: noun prob = 0.07321659313472742, verb prob = 0.9770161230525721
accent: noun prob = 0.0, verb prob = 0.9086013192603609
Speaker 3 ================
reset: noun prob = 0.06141983948476434, verb prob = 1.0
abstract: noun prob = 0.0, verb prob = 1.0
addict: noun prob = 0.09671355507796062, verb prob = 1.0
sub-let: noun prob = 0.07430052547230313, verb prob = 0.9759999325325344
accent: noun prob = 0.0, verb prob = 0.9052688662925782
Speaker 0 ================
reset: noun prob = 0.06155704786074638, verb prob = 1.0
abstract: noun prob = 0.0, verb prob = 1.0
addict: noun prob = 0.10482360924392355, verb prob = 1.0
sub-let: noun prob = 0.07703214414329815, verb prob = 0.97567714846336
accent: noun prob = 0.0, verb prob = 0.9013307813324034
Speaker 4 ================
reset: noun prob = 0.06475704674824653, verb prob = 1.0
abstract: noun prob = 0.0, verb prob = 1.0
addict: noun prob = 0.09926952260141358, verb prob = 1.0
sub-let: noun prob = 0.07748093625000955, verb prob = 0.9756780412524088
accent: noun prob = 0.0, verb prob = 0.9009893640663618
Speaker 2 ================
reset: noun prob = 0.06710041200375605, verb prob = 1.0
abstract: noun prob = 0.0, verb prob = 1.0
addict: noun prob = 0.10330595755312832, verb prob = 1.0
sub-let: noun prob = 0.08032677005426749, verb prob = 0.9750408916252205
accent: noun prob = 0.0, verb prob = 0.8976506063482366

Generation at year 1900
Speaker 3 ================
reset: noun prob = 0.05810888799003894, verb prob = 1.0
abstract: noun prob = 0.0, verb prob = 1.0
addict: noun prob = 0.08793360509473074, verb prob = 1.0
sub-let: noun prob = 0.06853612220068828, verb prob = 0.9786915816458942
accent: noun prob = 0.0, verb prob = 0.9135918307089896
Speaker 4 ================
reset: noun prob = 0.05409984343433767, verb prob = 1.0
abstract: noun prob = 0.0, verb prob = 1.0
addict: noun prob = 0.08385778445769429, verb prob = 1.0
sub-let: noun prob = 0.06655319729063441, verb prob = 0.9797748732653847
accent: noun prob = 0.0, verb prob = 0.9160176136189737
Speaker 2 ================
reset: noun prob = 0.050065821299067316, verb prob = 1.0
abstract: noun prob = 0.0, verb prob = 1.0
addict: noun prob = 0.08124992435095527, verb prob = 1.0
sub-let: noun prob = 0.06599778484944659, verb prob = 0.9803441812679862
accent: noun prob = 0.0, verb prob = 0.9201466143915072
Speaker 1 ================
reset: noun prob = 0.056155813701028436, verb prob = 1.0
abstract: noun prob = 0.0, verb prob = 1.0
addict: noun prob = 0.08978287627934685, verb prob = 1.0
sub-let: noun prob = 0.06917901862792093, verb prob = 0.9784034280069732
accent: noun prob = 0.0, verb prob = 0.9144413109300032
Speaker 0 ================
reset: noun prob = 0.04886669778942966, verb prob = 1.0
abstract: noun prob = 0.0, verb prob = 1.0
addict: noun prob = 0.0877386056229767, verb prob = 1.0
sub-let: noun prob = 0.06739307769020408, verb prob = 0.9792424873168815
accent: noun prob = 0.0, verb prob = 0.9152411440499015

Generation at year 1925
Speaker 2 ================
reset: noun prob = 0.046505212093932734, verb prob = 1.0
abstract: noun prob = 0.0, verb prob = 1.0
addict: noun prob = 0.07406101580734209, verb prob = 1.0
sub-let: noun prob = 0.05876068369026768, verb prob = 0.9821348512565845
accent: noun prob = 0.0, verb prob = 0.9267916893457987
Speaker 4 ================
reset: noun prob = 0.047058153112563, verb prob = 1.0
abstract: noun prob = 0.0, verb prob = 1.0
addict: noun prob = 0.07593737180824206, verb prob = 1.0
sub-let: noun prob = 0.06036129937087653, verb prob = 0.9819874727500458
accent: noun prob = 0.0, verb prob = 0.9256647927024725
Speaker 3 ================
reset: noun prob = 0.048464934826326876, verb prob = 1.0
abstract: noun prob = 0.0, verb prob = 1.0
addict: noun prob = 0.07786280914462673, verb prob = 1.0
sub-let: noun prob = 0.06002830233935897, verb prob = 0.981795901090224
accent: noun prob = 0.0, verb prob = 0.924342066977303
Speaker 1 ================
reset: noun prob = 0.044129686943853205, verb prob = 1.0
abstract: noun prob = 0.0, verb prob = 1.0
addict: noun prob = 0.07275842390828183, verb prob = 1.0
sub-let: noun prob = 0.056878851758072446, verb prob = 0.9827961114618129
accent: noun prob = 0.0, verb prob = 0.9285975082301893
Speaker 0 ================
reset: noun prob = 0.044239940661855146, verb prob = 1.0
abstract: noun prob = 0.0, verb prob = 1.0
addict: noun prob = 0.06875241326691084, verb prob = 1.0
sub-let: noun prob = 0.055750748419369285, verb prob = 0.9832581919326231
accent: noun prob = 0.0, verb prob = 0.9320292336414194

Generation at year 1950
Speaker 4 ================
reset: noun prob = 0.04076201890569003, verb prob = 1.0
abstract: noun prob = 0.0, verb prob = 1.0
addict: noun prob = 0.06402123178783159, verb prob = 1.0
sub-let: noun prob = 0.05231897634051913, verb prob = 0.984409925045456
accent: noun prob = 0.0, verb prob = 0.9352794284374611
Speaker 3 ================
reset: noun prob = 0.039832298739975736, verb prob = 1.0
abstract: noun prob = 0.0, verb prob = 1.0
addict: noun prob = 0.062110531145520516, verb prob = 1.0
sub-let: noun prob = 0.04982537599453768, verb prob = 0.9846805153639896
accent: noun prob = 0.0, verb prob = 0.9379238099424633
Speaker 1 ================
reset: noun prob = 0.03765353617268082, verb prob = 1.0
abstract: noun prob = 0.0, verb prob = 1.0
addict: noun prob = 0.058121132000288525, verb prob = 1.0
sub-let: noun prob = 0.048041681712446514, verb prob = 0.9857880926112668
accent: noun prob = 0.0, verb prob = 0.9401121571087339
Speaker 2 ================
reset: noun prob = 0.042089188430461534, verb prob = 1.0
abstract: noun prob = 0.0, verb prob = 1.0
addict: noun prob = 0.06630623361470393, verb prob = 1.0
sub-let: noun prob = 0.05227722949938179, verb prob = 0.9842462162639752
accent: noun prob = 0.0, verb prob = 0.9331063714988601
Speaker 0 ================
reset: noun prob = 0.03730521453076801, verb prob = 1.0
abstract: noun prob = 0.0, verb prob = 1.0
addict: noun prob = 0.058056643966410075, verb prob = 1.0
sub-let: noun prob = 0.04534489966236663, verb prob = 0.9861302139964888
accent: noun prob = 0.0, verb prob = 0.9429079835292633

Generation at year 1975
Speaker 4 ================
reset: noun prob = 0.03654517200829899, verb prob = 1.0
abstract: noun prob = 0.0, verb prob = 1.0
addict: noun prob = 0.05514909070973722, verb prob = 1.0
sub-let: noun prob = 0.044529220712062466, verb prob = 0.9866547934441094
accent: noun prob = 0.0, verb prob = 0.945028625299775
Speaker 1 ================
reset: noun prob = 0.03373040662881676, verb prob = 1.0
abstract: noun prob = 0.0, verb prob = 1.0
addict: noun prob = 0.05157801230283839, verb prob = 1.0
sub-let: noun prob = 0.04249052326007199, verb prob = 0.9873867445804089
accent: noun prob = 0.0, verb prob = 0.9469087131114317
Speaker 0 ================
reset: noun prob = 0.03292230563638592, verb prob = 1.0
abstract: noun prob = 0.0, verb prob = 1.0
addict: noun prob = 0.049700229791674086, verb prob = 1.0
sub-let: noun prob = 0.03997532178899197, verb prob = 0.9882658154665266
accent: noun prob = 0.0, verb prob = 0.9519873864857822
Speaker 3 ================
reset: noun prob = 0.03386617903127531, verb prob = 1.0
abstract: noun prob = 0.0, verb prob = 1.0
addict: noun prob = 0.05497988675651982, verb prob = 1.0
sub-let: noun prob = 0.04365552195853592, verb prob = 0.9872964306837224
accent: noun prob = 0.0, verb prob = 0.9458033468305324
Speaker 2 ================
reset: noun prob = 0.03345277649414116, verb prob = 1.0
abstract: noun prob = 0.0, verb prob = 1.0
addict: noun prob = 0.050740221120220634, verb prob = 1.0
sub-let: noun prob = 0.040586203571985564, verb prob = 0.9874478247942473
accent: noun prob = 0.0, verb prob = 0.9470779667475677
BUILD SUCCESSFUL (total time: 0 seconds)
