run:
COMMAND LINE ARGUMENTS ARE: prior, stochastic, some
Simulating stochastic model with prior, showing some words

Generation at year 1500
Speaker 0 ================
reset: noun prob = 0.75, verb prob = 1.0
abstract: noun prob = 0.0, verb prob = 1.0
addict: noun prob = 1.0, verb prob = 1.0
sub-let: noun prob = 0.75, verb prob = 0.75
accent: noun prob = 0.0, verb prob = 0.0
Speaker 3 ================
reset: noun prob = 0.75, verb prob = 1.0
abstract: noun prob = 0.0, verb prob = 1.0
addict: noun prob = 1.0, verb prob = 1.0
sub-let: noun prob = 0.75, verb prob = 0.75
accent: noun prob = 0.0, verb prob = 0.0
Speaker 2 ================
reset: noun prob = 0.75, verb prob = 1.0
abstract: noun prob = 0.0, verb prob = 1.0
addict: noun prob = 1.0, verb prob = 1.0
sub-let: noun prob = 0.75, verb prob = 0.75
accent: noun prob = 0.0, verb prob = 0.0
Speaker 4 ================
reset: noun prob = 0.75, verb prob = 1.0
abstract: noun prob = 0.0, verb prob = 1.0
addict: noun prob = 1.0, verb prob = 1.0
sub-let: noun prob = 0.75, verb prob = 0.75
accent: noun prob = 0.0, verb prob = 0.0
Speaker 1 ================
reset: noun prob = 0.75, verb prob = 1.0
abstract: noun prob = 0.0, verb prob = 1.0
addict: noun prob = 1.0, verb prob = 1.0
sub-let: noun prob = 0.75, verb prob = 0.75
accent: noun prob = 0.0, verb prob = 0.0

Generation at year 1525
Speaker 2 ================
reset: noun prob = 0.755788071046774, verb prob = 1.0
abstract: noun prob = 0.0, verb prob = 1.0
addict: noun prob = 1.0, verb prob = 1.0
sub-let: noun prob = 0.7314002289202595, verb prob = 0.978634109118657
accent: noun prob = 0.0, verb prob = 0.0
Speaker 4 ================
reset: noun prob = 0.7505285412262156, verb prob = 1.0
abstract: noun prob = 0.0, verb prob = 1.0
addict: noun prob = 1.0, verb prob = 1.0
sub-let: noun prob = 0.7402468561210336, verb prob = 0.9849106057497695
accent: noun prob = 0.0, verb prob = 0.0
Speaker 1 ================
reset: noun prob = 0.7777953929324476, verb prob = 1.0
abstract: noun prob = 0.0, verb prob = 1.0
addict: noun prob = 1.0, verb prob = 1.0
sub-let: noun prob = 0.7533874477785014, verb prob = 0.9821295252013407
accent: noun prob = 0.0, verb prob = 0.0
Speaker 0 ================
reset: noun prob = 0.7952, verb prob = 1.0
abstract: noun prob = 0.0, verb prob = 1.0
addict: noun prob = 1.0, verb prob = 1.0
sub-let: noun prob = 0.7609393832230313, verb prob = 0.9872689612367295
accent: noun prob = 0.0, verb prob = 0.0
Speaker 3 ================
reset: noun prob = 0.787519806836188, verb prob = 1.0
abstract: noun prob = 0.0, verb prob = 1.0
addict: noun prob = 1.0, verb prob = 1.0
sub-let: noun prob = 0.7507448445076237, verb prob = 0.9825521391155335
accent: noun prob = 0.0, verb prob = 0.0

Generation at year 1550
Speaker 1 ================
reset: noun prob = 0.7819507170588701, verb prob = 1.0
abstract: noun prob = 0.0, verb prob = 1.0
addict: noun prob = 1.0, verb prob = 1.0
sub-let: noun prob = 0.7773896604488082, verb prob = 0.9982432103981305
accent: noun prob = 0.0, verb prob = 0.0
Speaker 3 ================
reset: noun prob = 0.8170740880030086, verb prob = 1.0
abstract: noun prob = 0.0, verb prob = 1.0
addict: noun prob = 1.0, verb prob = 1.0
sub-let: noun prob = 0.7585448275837074, verb prob = 0.9991442095154864
accent: noun prob = 0.0, verb prob = 0.0
Speaker 4 ================
reset: noun prob = 0.7808363516628252, verb prob = 1.0
abstract: noun prob = 0.0, verb prob = 1.0
addict: noun prob = 1.0, verb prob = 1.0
sub-let: noun prob = 0.7802623909962393, verb prob = 0.9986495493739892
accent: noun prob = 0.0, verb prob = 0.0
Speaker 2 ================
reset: noun prob = 0.7716808005683794, verb prob = 1.0
abstract: noun prob = 0.0, verb prob = 1.0
addict: noun prob = 1.0, verb prob = 1.0
sub-let: noun prob = 0.7712206885959718, verb prob = 0.9981780942209008
accent: noun prob = 0.0, verb prob = 0.0
Speaker 0 ================
reset: noun prob = 0.7632276978919447, verb prob = 1.0
abstract: noun prob = 0.0, verb prob = 1.0
addict: noun prob = 1.0, verb prob = 1.0
sub-let: noun prob = 0.7966027320277344, verb prob = 0.9994326209947374
accent: noun prob = 0.0, verb prob = 0.0

Generation at year 1575
Speaker 3 ================
reset: noun prob = 0.8268840634157337, verb prob = 1.0
abstract: noun prob = 0.0, verb prob = 1.0
addict: noun prob = 1.0, verb prob = 1.0
sub-let: noun prob = 0.7981072555205048, verb prob = 1.0
accent: noun prob = 0.0, verb prob = 0.0
Speaker 4 ================
reset: noun prob = 0.7980674423190692, verb prob = 1.0
abstract: noun prob = 0.0, verb prob = 1.0
addict: noun prob = 1.0, verb prob = 1.0
sub-let: noun prob = 0.7843534502530543, verb prob = 0.9996740389012679
accent: noun prob = 0.0, verb prob = 0.0
Speaker 2 ================
reset: noun prob = 0.7786169602126825, verb prob = 1.0
abstract: noun prob = 0.0, verb prob = 1.0
addict: noun prob = 1.0, verb prob = 1.0
sub-let: noun prob = 0.770528539872587, verb prob = 1.0
accent: noun prob = 0.0, verb prob = 0.0
Speaker 0 ================
reset: noun prob = 0.8088357877188108, verb prob = 1.0
abstract: noun prob = 0.0, verb prob = 1.0
addict: noun prob = 1.0, verb prob = 1.0
sub-let: noun prob = 0.823210845781994, verb prob = 1.0
accent: noun prob = 0.0, verb prob = 0.0
Speaker 1 ================
reset: noun prob = 0.79750039550704, verb prob = 1.0
abstract: noun prob = 0.0, verb prob = 1.0
addict: noun prob = 1.0, verb prob = 1.0
sub-let: noun prob = 0.7956689294870761, verb prob = 1.0
accent: noun prob = 0.0, verb prob = 0.0

Generation at year 1600
Speaker 3 ================
reset: noun prob = 0.8561905475245299, verb prob = 1.0
abstract: noun prob = 0.0, verb prob = 1.0
addict: noun prob = 1.0, verb prob = 1.0
sub-let: noun prob = 0.8241914045192734, verb prob = 1.0
accent: noun prob = 0.0, verb prob = 0.0
Speaker 4 ================
reset: noun prob = 0.879056431643425, verb prob = 1.0
abstract: noun prob = 0.0, verb prob = 1.0
addict: noun prob = 1.0, verb prob = 1.0
sub-let: noun prob = 0.7878985689179011, verb prob = 1.0
accent: noun prob = 0.0, verb prob = 0.0
Speaker 0 ================
reset: noun prob = 0.8404984423676012, verb prob = 1.0
abstract: noun prob = 0.0, verb prob = 1.0
addict: noun prob = 1.0, verb prob = 1.0
sub-let: noun prob = 0.823210845781994, verb prob = 1.0
accent: noun prob = 0.0, verb prob = 0.0
Speaker 2 ================
reset: noun prob = 0.7944325481798715, verb prob = 1.0
abstract: noun prob = 0.0, verb prob = 1.0
addict: noun prob = 1.0, verb prob = 1.0
sub-let: noun prob = 0.7621199013105194, verb prob = 1.0
accent: noun prob = 0.0, verb prob = 0.0
Speaker 1 ================
reset: noun prob = 0.81506103049156, verb prob = 1.0
abstract: noun prob = 0.0, verb prob = 1.0
addict: noun prob = 1.0, verb prob = 1.0
sub-let: noun prob = 0.7935583762076028, verb prob = 1.0
accent: noun prob = 0.0, verb prob = 0.0

Generation at year 1625
Speaker 0 ================
reset: noun prob = 0.8764223157023654, verb prob = 1.0
abstract: noun prob = 0.0, verb prob = 1.0
addict: noun prob = 1.0, verb prob = 1.0
sub-let: noun prob = 0.8421415357829446, verb prob = 1.0
accent: noun prob = 0.0, verb prob = 0.0
Speaker 1 ================
reset: noun prob = 0.8376888300804939, verb prob = 1.0
abstract: noun prob = 0.0, verb prob = 1.0
addict: noun prob = 1.0, verb prob = 1.0
sub-let: noun prob = 0.8314031001525982, verb prob = 1.0
accent: noun prob = 0.0, verb prob = 0.0
Speaker 2 ================
reset: noun prob = 0.8013350812953001, verb prob = 1.0
abstract: noun prob = 0.0, verb prob = 1.0
addict: noun prob = 1.0, verb prob = 1.0
sub-let: noun prob = 0.7736778942315385, verb prob = 1.0
accent: noun prob = 0.0, verb prob = 0.0
Speaker 3 ================
reset: noun prob = 0.8804721350664874, verb prob = 1.0
abstract: noun prob = 0.0, verb prob = 1.0
addict: noun prob = 1.0, verb prob = 1.0
sub-let: noun prob = 0.8280433434704302, verb prob = 1.0
accent: noun prob = 0.0, verb prob = 0.0
Speaker 4 ================
reset: noun prob = 0.9085417343293277, verb prob = 1.0
abstract: noun prob = 0.0, verb prob = 1.0
addict: noun prob = 1.0, verb prob = 1.0
sub-let: noun prob = 0.7813175217325762, verb prob = 1.0
accent: noun prob = 0.0, verb prob = 0.0

Generation at year 1650
Speaker 1 ================
reset: noun prob = 0.8448655795504627, verb prob = 1.0
abstract: noun prob = 0.0, verb prob = 1.0
addict: noun prob = 1.0, verb prob = 1.0
sub-let: noun prob = 0.8595861892255461, verb prob = 1.0
accent: noun prob = 0.0, verb prob = 0.0
Speaker 2 ================
reset: noun prob = 0.8082274287779317, verb prob = 1.0
abstract: noun prob = 0.0, verb prob = 1.0
addict: noun prob = 1.0, verb prob = 1.0
sub-let: noun prob = 0.7736778942315385, verb prob = 1.0
accent: noun prob = 0.0, verb prob = 0.0
Speaker 3 ================
reset: noun prob = 0.9142538146631932, verb prob = 1.0
abstract: noun prob = 0.0, verb prob = 1.0
addict: noun prob = 1.0, verb prob = 1.0
sub-let: noun prob = 0.8510882690778429, verb prob = 1.0
accent: noun prob = 0.0, verb prob = 0.0
Speaker 4 ================
reset: noun prob = 0.879056431643425, verb prob = 1.0
abstract: noun prob = 0.0, verb prob = 1.0
addict: noun prob = 1.0, verb prob = 1.0
sub-let: noun prob = 0.7681276103255673, verb prob = 1.0
accent: noun prob = 0.0, verb prob = 0.0
Speaker 0 ================
reset: noun prob = 0.8359883640393406, verb prob = 1.0
abstract: noun prob = 0.0, verb prob = 1.0
addict: noun prob = 1.0, verb prob = 1.0
sub-let: noun prob = 0.8515780700800811, verb prob = 1.0
accent: noun prob = 0.0, verb prob = 0.0

Generation at year 1675
Speaker 4 ================
reset: noun prob = 0.8875, verb prob = 1.0
abstract: noun prob = 0.0, verb prob = 1.0
addict: noun prob = 1.0, verb prob = 1.0
sub-let: noun prob = 0.7648243229638578, verb prob = 1.0
accent: noun prob = 0.0, verb prob = 0.0
Speaker 3 ================
reset: noun prob = 0.9382331106161841, verb prob = 1.0
abstract: noun prob = 0.0, verb prob = 1.0
addict: noun prob = 1.0, verb prob = 1.0
sub-let: noun prob = 0.8711592435307776, verb prob = 1.0
accent: noun prob = 0.0, verb prob = 0.0
Speaker 0 ================
reset: noun prob = 0.8629834254143646, verb prob = 1.0
abstract: noun prob = 0.0, verb prob = 1.0
addict: noun prob = 1.0, verb prob = 1.0
sub-let: noun prob = 0.8774300787743008, verb prob = 1.0
accent: noun prob = 0.0, verb prob = 0.0
Speaker 1 ================
reset: noun prob = 0.8622488256272486, verb prob = 1.0
abstract: noun prob = 0.0, verb prob = 1.0
addict: noun prob = 1.0, verb prob = 1.0
sub-let: noun prob = 0.8741325829042883, verb prob = 1.0
accent: noun prob = 0.0, verb prob = 0.0
Speaker 2 ================
reset: noun prob = 0.8210005563658782, verb prob = 1.0
abstract: noun prob = 0.0, verb prob = 1.0
addict: noun prob = 1.0, verb prob = 1.0
sub-let: noun prob = 0.7789221173836559, verb prob = 1.0
accent: noun prob = 0.0, verb prob = 0.0

Generation at year 1700
Speaker 0 ================
reset: noun prob = 0.8719470125569201, verb prob = 1.0
abstract: noun prob = 0.0, verb prob = 1.0
addict: noun prob = 1.0, verb prob = 1.0
sub-let: noun prob = 0.8984749612431049, verb prob = 1.0
accent: noun prob = 0.0, verb prob = 0.0
Speaker 3 ================
reset: noun prob = 0.9286563614744352, verb prob = 1.0
abstract: noun prob = 0.0, verb prob = 1.0
addict: noun prob = 1.0, verb prob = 1.0
sub-let: noun prob = 0.8730662435541452, verb prob = 1.0
accent: noun prob = 0.0, verb prob = 0.0
Speaker 2 ================
reset: noun prob = 0.8503440109124158, verb prob = 1.0
abstract: noun prob = 0.0, verb prob = 1.0
addict: noun prob = 1.0, verb prob = 1.0
sub-let: noun prob = 0.7893929712460064, verb prob = 1.0
accent: noun prob = 0.0, verb prob = 0.0
Speaker 4 ================
reset: noun prob = 0.8917160148369884, verb prob = 1.0
abstract: noun prob = 0.0, verb prob = 1.0
addict: noun prob = 1.0, verb prob = 1.0
sub-let: noun prob = 0.8075863105677206, verb prob = 1.0
accent: noun prob = 0.0, verb prob = 0.0
Speaker 1 ================
reset: noun prob = 0.8744802698674198, verb prob = 1.0
abstract: noun prob = 0.0, verb prob = 1.0
addict: noun prob = 1.0, verb prob = 1.0
sub-let: noun prob = 0.8917348909209876, verb prob = 1.0
accent: noun prob = 0.0, verb prob = 0.0

Generation at year 1725
Speaker 1 ================
reset: noun prob = 0.8836327157591147, verb prob = 1.0
abstract: noun prob = 0.0, verb prob = 1.0
addict: noun prob = 1.0, verb prob = 1.0
sub-let: noun prob = 0.9123580834700085, verb prob = 1.0
accent: noun prob = 0.0, verb prob = 0.0
Speaker 4 ================
reset: noun prob = 0.8875, verb prob = 1.0
abstract: noun prob = 0.0, verb prob = 1.0
addict: noun prob = 1.0, verb prob = 1.0
sub-let: noun prob = 0.836963036963037, verb prob = 1.0
accent: noun prob = 0.0, verb prob = 0.0
Speaker 0 ================
reset: noun prob = 0.9120697946005357, verb prob = 1.0
abstract: noun prob = 0.0, verb prob = 1.0
addict: noun prob = 1.0, verb prob = 1.0
sub-let: noun prob = 0.9194244604316547, verb prob = 1.0
accent: noun prob = 0.0, verb prob = 0.0
Speaker 2 ================
reset: noun prob = 0.8639744952178534, verb prob = 1.0
abstract: noun prob = 0.0, verb prob = 1.0
addict: noun prob = 1.0, verb prob = 1.0
sub-let: noun prob = 0.7820658342792282, verb prob = 1.0
accent: noun prob = 0.0, verb prob = 0.0
Speaker 3 ================
reset: noun prob = 0.9334472257297779, verb prob = 1.0
abstract: noun prob = 0.0, verb prob = 1.0
addict: noun prob = 1.0, verb prob = 1.0
sub-let: noun prob = 0.88924412636025, verb prob = 1.0
accent: noun prob = 0.0, verb prob = 0.0

Generation at year 1750
Speaker 3 ================
reset: noun prob = 0.9382331106161841, verb prob = 1.0
abstract: noun prob = 0.0, verb prob = 1.0
addict: noun prob = 1.0, verb prob = 1.0
sub-let: noun prob = 0.882589488823987, verb prob = 1.0
accent: noun prob = 0.0, verb prob = 0.0
Speaker 4 ================
reset: noun prob = 0.8875, verb prob = 1.0
abstract: noun prob = 0.0, verb prob = 1.0
addict: noun prob = 1.0, verb prob = 1.0
sub-let: noun prob = 0.8661554548623215, verb prob = 1.0
accent: noun prob = 0.0, verb prob = 0.0
Speaker 2 ================
reset: noun prob = 0.8717454050578013, verb prob = 1.0
abstract: noun prob = 0.0, verb prob = 1.0
addict: noun prob = 1.0, verb prob = 1.0
sub-let: noun prob = 0.8123466233228162, verb prob = 1.0
accent: noun prob = 0.0, verb prob = 0.0
Speaker 0 ================
reset: noun prob = 0.9430371080377927, verb prob = 1.0
abstract: noun prob = 0.0, verb prob = 1.0
addict: noun prob = 1.0, verb prob = 1.0
sub-let: noun prob = 0.9310220944853602, verb prob = 1.0
accent: noun prob = 0.0, verb prob = 0.0
Speaker 1 ================
reset: noun prob = 0.8937809231540051, verb prob = 1.0
abstract: noun prob = 0.0, verb prob = 1.0
addict: noun prob = 1.0, verb prob = 1.0
sub-let: noun prob = 0.9164716930080059, verb prob = 1.0
accent: noun prob = 0.0, verb prob = 0.0

Generation at year 1775
Speaker 2 ================
reset: noun prob = 0.8814407577274153, verb prob = 1.0
abstract: noun prob = 0.0, verb prob = 1.0
addict: noun prob = 1.0, verb prob = 1.0
sub-let: noun prob = 0.815467941059339, verb prob = 1.0
accent: noun prob = 0.0, verb prob = 0.0
Speaker 1 ================
reset: noun prob = 0.91300135935376, verb prob = 1.0
abstract: noun prob = 0.0, verb prob = 1.0
addict: noun prob = 1.0, verb prob = 1.0
sub-let: noun prob = 0.929815638906548, verb prob = 1.0
accent: noun prob = 0.0, verb prob = 0.0
Speaker 4 ================
reset: noun prob = 0.8621229925577751, verb prob = 1.0
abstract: noun prob = 0.0, verb prob = 1.0
addict: noun prob = 1.0, verb prob = 1.0
sub-let: noun prob = 0.8726178036522864, verb prob = 1.0
accent: noun prob = 0.0, verb prob = 0.0
Speaker 3 ================
reset: noun prob = 0.9430140238925576, verb prob = 1.0
abstract: noun prob = 0.0, verb prob = 1.0
addict: noun prob = 1.0, verb prob = 1.0
sub-let: noun prob = 0.890194008182658, verb prob = 1.0
accent: noun prob = 0.0, verb prob = 0.0
Speaker 0 ================
reset: noun prob = 0.9474440566618765, verb prob = 1.0
abstract: noun prob = 0.0, verb prob = 1.0
addict: noun prob = 1.0, verb prob = 1.0
sub-let: noun prob = 0.935652985744551, verb prob = 1.0
accent: noun prob = 0.0, verb prob = 0.0

Generation at year 1800
Speaker 3 ================
reset: noun prob = 0.9334472257297779, verb prob = 1.0
abstract: noun prob = 0.0, verb prob = 1.0
addict: noun prob = 1.0, verb prob = 1.0
sub-let: noun prob = 0.9082047829523169, verb prob = 1.0
accent: noun prob = 0.0, verb prob = 0.0
Speaker 4 ================
reset: noun prob = 0.8366064414768264, verb prob = 1.0
abstract: noun prob = 0.0, verb prob = 1.0
addict: noun prob = 1.0, verb prob = 1.0
sub-let: noun prob = 0.8919509409603257, verb prob = 1.0
accent: noun prob = 0.0, verb prob = 0.0
Speaker 0 ================
reset: noun prob = 0.9430371080377927, verb prob = 1.0
abstract: noun prob = 0.0, verb prob = 1.0
addict: noun prob = 1.0, verb prob = 1.0
sub-let: noun prob = 0.9379666858127512, verb prob = 1.0
accent: noun prob = 0.0, verb prob = 0.0
Speaker 1 ================
reset: noun prob = 0.9250994772567683, verb prob = 1.0
abstract: noun prob = 0.0, verb prob = 1.0
addict: noun prob = 1.0, verb prob = 1.0
sub-let: noun prob = 0.9349376538797554, verb prob = 1.0
accent: noun prob = 0.0, verb prob = 0.0
Speaker 2 ================
reset: noun prob = 0.8978764018134098, verb prob = 1.0
abstract: noun prob = 0.0, verb prob = 1.0
addict: noun prob = 1.0, verb prob = 1.0
sub-let: noun prob = 0.8165079162817369, verb prob = 1.0
accent: noun prob = 0.0, verb prob = 0.0

Generation at year 1825
Speaker 0 ================
reset: noun prob = 0.9474440566618765, verb prob = 1.0
abstract: noun prob = 0.0, verb prob = 1.0
addict: noun prob = 1.0, verb prob = 1.0
sub-let: noun prob = 0.9495177655874655, verb prob = 1.0
accent: noun prob = 0.0, verb prob = 0.0
Speaker 1 ================
reset: noun prob = 0.9371659212392276, verb prob = 1.0
abstract: noun prob = 0.0, verb prob = 1.0
addict: noun prob = 1.0, verb prob = 1.0
sub-let: noun prob = 0.9461860642213479, verb prob = 1.0
accent: noun prob = 0.0, verb prob = 0.0
Speaker 4 ================
reset: noun prob = 0.8323400353657738, verb prob = 1.0
abstract: noun prob = 0.0, verb prob = 1.0
addict: noun prob = 1.0, verb prob = 1.0
sub-let: noun prob = 0.9176033671700916, verb prob = 1.0
accent: noun prob = 0.0, verb prob = 0.0
Speaker 2 ================
reset: noun prob = 0.9007707559968394, verb prob = 1.0
abstract: noun prob = 0.0, verb prob = 1.0
addict: noun prob = 1.0, verb prob = 1.0
sub-let: noun prob = 0.843466107617051, verb prob = 1.0
accent: noun prob = 0.0, verb prob = 0.0
Speaker 3 ================
reset: noun prob = 0.9477899733016909, verb prob = 1.0
abstract: noun prob = 0.0, verb prob = 1.0
addict: noun prob = 1.0, verb prob = 1.0
sub-let: noun prob = 0.911042181807541, verb prob = 1.0
accent: noun prob = 0.0, verb prob = 0.0

Generation at year 1850
Speaker 3 ================
reset: noun prob = 0.9190596637405148, verb prob = 1.0
abstract: noun prob = 0.0, verb prob = 1.0
addict: noun prob = 1.0, verb prob = 1.0
sub-let: noun prob = 0.9129328125685698, verb prob = 1.0
accent: noun prob = 0.0, verb prob = 0.0
Speaker 0 ================
reset: noun prob = 0.9342105263157894, verb prob = 1.0
abstract: noun prob = 0.0, verb prob = 1.0
addict: noun prob = 1.0, verb prob = 1.0
sub-let: noun prob = 0.9541300842142985, verb prob = 1.0
accent: noun prob = 0.0, verb prob = 0.0
Speaker 2 ================
reset: noun prob = 0.9152153850733827, verb prob = 1.0
abstract: noun prob = 0.0, verb prob = 1.0
addict: noun prob = 1.0, verb prob = 1.0
sub-let: noun prob = 0.8692408812303014, verb prob = 1.0
accent: noun prob = 0.0, verb prob = 0.0
Speaker 1 ================
reset: noun prob = 0.9371659212392276, verb prob = 1.0
abstract: noun prob = 0.0, verb prob = 1.0
addict: noun prob = 1.0, verb prob = 1.0
sub-let: noun prob = 0.9441429432860452, verb prob = 1.0
accent: noun prob = 0.0, verb prob = 0.0
Speaker 4 ================
reset: noun prob = 0.8493822318101588, verb prob = 1.0
abstract: noun prob = 0.0, verb prob = 1.0
addict: noun prob = 1.0, verb prob = 1.0
sub-let: noun prob = 0.9207999207999208, verb prob = 1.0
accent: noun prob = 0.0, verb prob = 0.0

Generation at year 1875
Speaker 2 ================
reset: noun prob = 0.9190596637405148, verb prob = 1.0
abstract: noun prob = 0.0, verb prob = 1.0
addict: noun prob = 1.0, verb prob = 1.0
sub-let: noun prob = 0.876432233968475, verb prob = 1.0
accent: noun prob = 0.0, verb prob = 0.0
Speaker 0 ================
reset: noun prob = 0.9209388511426806, verb prob = 1.0
abstract: noun prob = 0.0, verb prob = 1.0
addict: noun prob = 1.0, verb prob = 1.0
sub-let: noun prob = 0.979415338431849, verb prob = 1.0
accent: noun prob = 0.0, verb prob = 0.0
Speaker 4 ================
reset: noun prob = 0.8536330371144799, verb prob = 1.0
abstract: noun prob = 0.0, verb prob = 1.0
addict: noun prob = 1.0, verb prob = 1.0
sub-let: noun prob = 0.9335640138408304, verb prob = 1.0
accent: noun prob = 0.0, verb prob = 0.0
Speaker 1 ================
reset: noun prob = 0.9361615909728499, verb prob = 1.0
abstract: noun prob = 0.0, verb prob = 1.0
addict: noun prob = 1.0, verb prob = 1.0
sub-let: noun prob = 0.9563880701087129, verb prob = 1.0
accent: noun prob = 0.0, verb prob = 0.0
Speaker 3 ================
reset: noun prob = 0.9430140238925576, verb prob = 1.0
abstract: noun prob = 0.0, verb prob = 1.0
addict: noun prob = 1.0, verb prob = 1.0
sub-let: noun prob = 0.9204875981115804, verb prob = 1.0
accent: noun prob = 0.0, verb prob = 0.0

Generation at year 1900
Speaker 0 ================
reset: noun prob = 0.9386259332831016, verb prob = 1.0
abstract: noun prob = 0.0, verb prob = 1.0
addict: noun prob = 1.0, verb prob = 1.0
sub-let: noun prob = 0.9931487296602911, verb prob = 1.0
accent: noun prob = 0.0, verb prob = 0.0
Speaker 2 ================
reset: noun prob = 0.9267386198079267, verb prob = 1.0
abstract: noun prob = 0.0, verb prob = 1.0
addict: noun prob = 1.0, verb prob = 1.0
sub-let: noun prob = 0.8702689006429545, verb prob = 1.0
accent: noun prob = 0.0, verb prob = 0.0
Speaker 3 ================
reset: noun prob = 0.9334472257297779, verb prob = 1.0
abstract: noun prob = 0.0, verb prob = 1.0
addict: noun prob = 1.0, verb prob = 1.0
sub-let: noun prob = 0.9402601948544425, verb prob = 1.0
accent: noun prob = 0.0, verb prob = 0.0
Speaker 1 ================
reset: noun prob = 0.9321420775251816, verb prob = 1.0
abstract: noun prob = 0.0, verb prob = 1.0
addict: noun prob = 1.0, verb prob = 1.0
sub-let: noun prob = 0.9492490444546652, verb prob = 1.0
accent: noun prob = 0.0, verb prob = 0.0
Speaker 4 ================
reset: noun prob = 0.8705974432559352, verb prob = 1.0
abstract: noun prob = 0.0, verb prob = 1.0
addict: noun prob = 1.0, verb prob = 1.0
sub-let: noun prob = 0.9431139203002321, verb prob = 1.0
accent: noun prob = 0.0, verb prob = 0.0

Generation at year 1925
Speaker 2 ================
reset: noun prob = 0.9391896907522603, verb prob = 1.0
abstract: noun prob = 0.0, verb prob = 1.0
addict: noun prob = 1.0, verb prob = 1.0
sub-let: noun prob = 0.8795108291540762, verb prob = 1.0
accent: noun prob = 0.0, verb prob = 0.0
Speaker 1 ================
reset: noun prob = 0.9461950429692366, verb prob = 1.0
abstract: noun prob = 0.0, verb prob = 1.0
addict: noun prob = 1.0, verb prob = 1.0
sub-let: noun prob = 0.9523099850968704, verb prob = 1.0
accent: noun prob = 0.0, verb prob = 0.0
Speaker 3 ================
reset: noun prob = 0.9430140238925576, verb prob = 1.0
abstract: noun prob = 0.0, verb prob = 1.0
addict: noun prob = 1.0, verb prob = 1.0
sub-let: noun prob = 0.956204592111585, verb prob = 1.0
accent: noun prob = 0.0, verb prob = 0.0
Speaker 0 ================
reset: noun prob = 0.9386259332831016, verb prob = 1.0
abstract: noun prob = 0.0, verb prob = 1.0
addict: noun prob = 1.0, verb prob = 1.0
sub-let: noun prob = 0.9954336270557597, verb prob = 1.0
accent: noun prob = 0.0, verb prob = 0.0
Speaker 4 ================
reset: noun prob = 0.8705974432559352, verb prob = 1.0
abstract: noun prob = 0.0, verb prob = 1.0
addict: noun prob = 1.0, verb prob = 1.0
sub-let: noun prob = 0.9558163617535381, verb prob = 1.0
accent: noun prob = 0.0, verb prob = 0.0

Generation at year 1950
Speaker 3 ================
reset: noun prob = 0.9334472257297779, verb prob = 1.0
abstract: noun prob = 0.0, verb prob = 1.0
addict: noun prob = 1.0, verb prob = 1.0
sub-let: noun prob = 0.9664921465968587, verb prob = 1.0
accent: noun prob = 0.0, verb prob = 0.0
Speaker 1 ================
reset: noun prob = 0.9441901024634837, verb prob = 1.0
abstract: noun prob = 0.0, verb prob = 1.0
addict: noun prob = 1.0, verb prob = 1.0
sub-let: noun prob = 0.9461860642213479, verb prob = 1.0
accent: noun prob = 0.0, verb prob = 0.0
Speaker 4 ================
reset: noun prob = 0.8536330371144799, verb prob = 1.0
abstract: noun prob = 0.0, verb prob = 1.0
addict: noun prob = 1.0, verb prob = 1.0
sub-let: noun prob = 0.9431139203002321, verb prob = 1.0
accent: noun prob = 0.0, verb prob = 0.0
Speaker 2 ================
reset: noun prob = 0.9468351801581297, verb prob = 1.0
abstract: noun prob = 0.0, verb prob = 1.0
addict: noun prob = 1.0, verb prob = 1.0
sub-let: noun prob = 0.8948731718103421, verb prob = 1.0
accent: noun prob = 0.0, verb prob = 0.0
Speaker 0 ================
reset: noun prob = 0.9342105263157894, verb prob = 1.0
abstract: noun prob = 0.0, verb prob = 1.0
addict: noun prob = 1.0, verb prob = 1.0
sub-let: noun prob = 1.0, verb prob = 1.0
accent: noun prob = 0.0, verb prob = 0.0

Generation at year 1975
Speaker 4 ================
reset: noun prob = 0.8832801406891162, verb prob = 1.0
abstract: noun prob = 0.0, verb prob = 1.0
addict: noun prob = 1.0, verb prob = 1.0
sub-let: noun prob = 0.9367495182092207, verb prob = 1.0
accent: noun prob = 0.0, verb prob = 0.0
Speaker 2 ================
reset: noun prob = 0.9344048008080568, verb prob = 1.0
abstract: noun prob = 0.0, verb prob = 1.0
addict: noun prob = 1.0, verb prob = 1.0
sub-let: noun prob = 0.9173126614987079, verb prob = 1.0
accent: noun prob = 0.0, verb prob = 0.0
Speaker 1 ================
reset: noun prob = 0.9502023031434796, verb prob = 1.0
abstract: noun prob = 0.0, verb prob = 1.0
addict: noun prob = 1.0, verb prob = 1.0
sub-let: noun prob = 0.9563880701087129, verb prob = 1.0
accent: noun prob = 0.0, verb prob = 0.0
Speaker 3 ================
reset: noun prob = 0.9668442865600947, verb prob = 1.0
abstract: noun prob = 0.0, verb prob = 1.0
addict: noun prob = 1.0, verb prob = 1.0
sub-let: noun prob = 0.9664921465968587, verb prob = 1.0
accent: noun prob = 0.0, verb prob = 0.0
Speaker 0 ================
reset: noun prob = 0.9165064542708048, verb prob = 1.0
abstract: noun prob = 0.0, verb prob = 1.0
addict: noun prob = 1.0, verb prob = 1.0
sub-let: noun prob = 1.0, verb prob = 1.0
accent: noun prob = 0.0, verb prob = 0.0
BUILD SUCCESSFUL (total time: 0 seconds)
