COMMAND LINE ARGUMENTS ARE: constraint, deterministic, some, 5, 5
Simulating deterministic model with constraint, showing some words
N1 (noun frequency): 5
N2 (verb frequency): 5

Generation at year 1500
Speaker 0 ================
reset: noun prob = 0.75, verb prob = 1.0
abstract: noun prob = 0.0, verb prob = 1.0
addict: noun prob = 1.0, verb prob = 1.0
sub-let: noun prob = 0.75, verb prob = 0.75
accent: noun prob = 0.0, verb prob = 0.0
Speaker 3 ================
reset: noun prob = 0.75, verb prob = 1.0
abstract: noun prob = 0.0, verb prob = 1.0
addict: noun prob = 1.0, verb prob = 1.0
sub-let: noun prob = 0.75, verb prob = 0.75
accent: noun prob = 0.0, verb prob = 0.0
Speaker 2 ================
reset: noun prob = 0.75, verb prob = 1.0
abstract: noun prob = 0.0, verb prob = 1.0
addict: noun prob = 1.0, verb prob = 1.0
sub-let: noun prob = 0.75, verb prob = 0.75
accent: noun prob = 0.0, verb prob = 0.0
Speaker 4 ================
reset: noun prob = 0.75, verb prob = 1.0
abstract: noun prob = 0.0, verb prob = 1.0
addict: noun prob = 1.0, verb prob = 1.0
sub-let: noun prob = 0.75, verb prob = 0.75
accent: noun prob = 0.0, verb prob = 0.0
Speaker 1 ================
reset: noun prob = 0.75, verb prob = 1.0
abstract: noun prob = 0.0, verb prob = 1.0
addict: noun prob = 1.0, verb prob = 1.0
sub-let: noun prob = 0.75, verb prob = 0.75
accent: noun prob = 0.0, verb prob = 0.0

Generation at year 1525
Speaker 2 ================
reset: noun prob = 0.75, verb prob = 1.0
abstract: noun prob = 0.0, verb prob = 1.0
addict: noun prob = 1.0, verb prob = 1.0
sub-let: noun prob = 0.75, verb prob = 0.75
accent: noun prob = 0.0, verb prob = 0.0
Speaker 4 ================
reset: noun prob = 0.75, verb prob = 1.0
abstract: noun prob = 0.0, verb prob = 1.0
addict: noun prob = 1.0, verb prob = 1.0
sub-let: noun prob = 0.75, verb prob = 0.75
accent: noun prob = 0.0, verb prob = 0.0
Speaker 1 ================
reset: noun prob = 0.75, verb prob = 1.0
abstract: noun prob = 0.0, verb prob = 1.0
addict: noun prob = 1.0, verb prob = 1.0
sub-let: noun prob = 0.75, verb prob = 0.75
accent: noun prob = 0.0, verb prob = 0.0
Speaker 0 ================
reset: noun prob = 0.75, verb prob = 1.0
abstract: noun prob = 0.0, verb prob = 1.0
addict: noun prob = 1.0, verb prob = 1.0
sub-let: noun prob = 0.75, verb prob = 0.75
accent: noun prob = 0.0, verb prob = 0.0
Speaker 3 ================
reset: noun prob = 0.75, verb prob = 1.0
abstract: noun prob = 0.0, verb prob = 1.0
addict: noun prob = 1.0, verb prob = 1.0
sub-let: noun prob = 0.75, verb prob = 0.75
accent: noun prob = 0.0, verb prob = 0.0

Generation at year 1550
Speaker 2 ================
reset: noun prob = 0.75, verb prob = 1.0
abstract: noun prob = 0.0, verb prob = 1.0
addict: noun prob = 1.0, verb prob = 1.0
sub-let: noun prob = 0.75, verb prob = 0.75
accent: noun prob = 0.0, verb prob = 0.0
Speaker 1 ================
reset: noun prob = 0.75, verb prob = 1.0
abstract: noun prob = 0.0, verb prob = 1.0
addict: noun prob = 1.0, verb prob = 1.0
sub-let: noun prob = 0.75, verb prob = 0.75
accent: noun prob = 0.0, verb prob = 0.0
Speaker 4 ================
reset: noun prob = 0.75, verb prob = 1.0
abstract: noun prob = 0.0, verb prob = 1.0
addict: noun prob = 1.0, verb prob = 1.0
sub-let: noun prob = 0.75, verb prob = 0.75
accent: noun prob = 0.0, verb prob = 0.0
Speaker 0 ================
reset: noun prob = 0.75, verb prob = 1.0
abstract: noun prob = 0.0, verb prob = 1.0
addict: noun prob = 1.0, verb prob = 1.0
sub-let: noun prob = 0.75, verb prob = 0.75
accent: noun prob = 0.0, verb prob = 0.0
Speaker 3 ================
reset: noun prob = 0.75, verb prob = 1.0
abstract: noun prob = 0.0, verb prob = 1.0
addict: noun prob = 1.0, verb prob = 1.0
sub-let: noun prob = 0.75, verb prob = 0.75
accent: noun prob = 0.0, verb prob = 0.0

Generation at year 1575
Speaker 2 ================
reset: noun prob = 0.75, verb prob = 1.0
abstract: noun prob = 0.0, verb prob = 1.0
addict: noun prob = 1.0, verb prob = 1.0
sub-let: noun prob = 0.75, verb prob = 0.75
accent: noun prob = 0.0, verb prob = 0.0
Speaker 3 ================
reset: noun prob = 0.75, verb prob = 1.0
abstract: noun prob = 0.0, verb prob = 1.0
addict: noun prob = 1.0, verb prob = 1.0
sub-let: noun prob = 0.75, verb prob = 0.75
accent: noun prob = 0.0, verb prob = 0.0
Speaker 4 ================
reset: noun prob = 0.75, verb prob = 1.0
abstract: noun prob = 0.0, verb prob = 1.0
addict: noun prob = 1.0, verb prob = 1.0
sub-let: noun prob = 0.75, verb prob = 0.75
accent: noun prob = 0.0, verb prob = 0.0
Speaker 0 ================
reset: noun prob = 0.75, verb prob = 1.0
abstract: noun prob = 0.0, verb prob = 1.0
addict: noun prob = 1.0, verb prob = 1.0
sub-let: noun prob = 0.75, verb prob = 0.75
accent: noun prob = 0.0, verb prob = 0.0
Speaker 1 ================
reset: noun prob = 0.75, verb prob = 1.0
abstract: noun prob = 0.0, verb prob = 1.0
addict: noun prob = 1.0, verb prob = 1.0
sub-let: noun prob = 0.75, verb prob = 0.75
accent: noun prob = 0.0, verb prob = 0.0

Generation at year 1600
Speaker 4 ================
reset: noun prob = 0.75, verb prob = 1.0
abstract: noun prob = 0.0, verb prob = 1.0
addict: noun prob = 1.0, verb prob = 1.0
sub-let: noun prob = 0.75, verb prob = 0.75
accent: noun prob = 0.0, verb prob = 0.0
Speaker 3 ================
reset: noun prob = 0.75, verb prob = 1.0
abstract: noun prob = 0.0, verb prob = 1.0
addict: noun prob = 1.0, verb prob = 1.0
sub-let: noun prob = 0.75, verb prob = 0.75
accent: noun prob = 0.0, verb prob = 0.0
Speaker 0 ================
reset: noun prob = 0.75, verb prob = 1.0
abstract: noun prob = 0.0, verb prob = 1.0
addict: noun prob = 1.0, verb prob = 1.0
sub-let: noun prob = 0.75, verb prob = 0.75
accent: noun prob = 0.0, verb prob = 0.0
Speaker 2 ================
reset: noun prob = 0.75, verb prob = 1.0
abstract: noun prob = 0.0, verb prob = 1.0
addict: noun prob = 1.0, verb prob = 1.0
sub-let: noun prob = 0.75, verb prob = 0.75
accent: noun prob = 0.0, verb prob = 0.0
Speaker 1 ================
reset: noun prob = 0.75, verb prob = 1.0
abstract: noun prob = 0.0, verb prob = 1.0
addict: noun prob = 1.0, verb prob = 1.0
sub-let: noun prob = 0.75, verb prob = 0.75
accent: noun prob = 0.0, verb prob = 0.0

Generation at year 1625
Speaker 2 ================
reset: noun prob = 0.75, verb prob = 1.0
abstract: noun prob = 0.0, verb prob = 1.0
addict: noun prob = 1.0, verb prob = 1.0
sub-let: noun prob = 0.75, verb prob = 0.75
accent: noun prob = 0.0, verb prob = 0.0
Speaker 0 ================
reset: noun prob = 0.75, verb prob = 1.0
abstract: noun prob = 0.0, verb prob = 1.0
addict: noun prob = 1.0, verb prob = 1.0
sub-let: noun prob = 0.75, verb prob = 0.75
accent: noun prob = 0.0, verb prob = 0.0
Speaker 4 ================
reset: noun prob = 0.75, verb prob = 1.0
abstract: noun prob = 0.0, verb prob = 1.0
addict: noun prob = 1.0, verb prob = 1.0
sub-let: noun prob = 0.75, verb prob = 0.75
accent: noun prob = 0.0, verb prob = 0.0
Speaker 3 ================
reset: noun prob = 0.75, verb prob = 1.0
abstract: noun prob = 0.0, verb prob = 1.0
addict: noun prob = 1.0, verb prob = 1.0
sub-let: noun prob = 0.75, verb prob = 0.75
accent: noun prob = 0.0, verb prob = 0.0
Speaker 1 ================
reset: noun prob = 0.75, verb prob = 1.0
abstract: noun prob = 0.0, verb prob = 1.0
addict: noun prob = 1.0, verb prob = 1.0
sub-let: noun prob = 0.75, verb prob = 0.75
accent: noun prob = 0.0, verb prob = 0.0

Generation at year 1650
Speaker 0 ================
reset: noun prob = 0.75, verb prob = 1.0
abstract: noun prob = 0.0, verb prob = 1.0
addict: noun prob = 1.0, verb prob = 1.0
sub-let: noun prob = 0.75, verb prob = 0.75
accent: noun prob = 0.0, verb prob = 0.0
Speaker 2 ================
reset: noun prob = 0.75, verb prob = 1.0
abstract: noun prob = 0.0, verb prob = 1.0
addict: noun prob = 1.0, verb prob = 1.0
sub-let: noun prob = 0.75, verb prob = 0.75
accent: noun prob = 0.0, verb prob = 0.0
Speaker 3 ================
reset: noun prob = 0.75, verb prob = 1.0
abstract: noun prob = 0.0, verb prob = 1.0
addict: noun prob = 1.0, verb prob = 1.0
sub-let: noun prob = 0.75, verb prob = 0.75
accent: noun prob = 0.0, verb prob = 0.0
Speaker 4 ================
reset: noun prob = 0.75, verb prob = 1.0
abstract: noun prob = 0.0, verb prob = 1.0
addict: noun prob = 1.0, verb prob = 1.0
sub-let: noun prob = 0.75, verb prob = 0.75
accent: noun prob = 0.0, verb prob = 0.0
Speaker 1 ================
reset: noun prob = 0.75, verb prob = 1.0
abstract: noun prob = 0.0, verb prob = 1.0
addict: noun prob = 1.0, verb prob = 1.0
sub-let: noun prob = 0.75, verb prob = 0.75
accent: noun prob = 0.0, verb prob = 0.0

Generation at year 1675
Speaker 1 ================
reset: noun prob = 0.75, verb prob = 1.0
abstract: noun prob = 0.0, verb prob = 1.0
addict: noun prob = 1.0, verb prob = 1.0
sub-let: noun prob = 0.75, verb prob = 0.75
accent: noun prob = 0.0, verb prob = 0.0
Speaker 0 ================
reset: noun prob = 0.75, verb prob = 1.0
abstract: noun prob = 0.0, verb prob = 1.0
addict: noun prob = 1.0, verb prob = 1.0
sub-let: noun prob = 0.75, verb prob = 0.75
accent: noun prob = 0.0, verb prob = 0.0
Speaker 3 ================
reset: noun prob = 0.75, verb prob = 1.0
abstract: noun prob = 0.0, verb prob = 1.0
addict: noun prob = 1.0, verb prob = 1.0
sub-let: noun prob = 0.75, verb prob = 0.75
accent: noun prob = 0.0, verb prob = 0.0
Speaker 4 ================
reset: noun prob = 0.75, verb prob = 1.0
abstract: noun prob = 0.0, verb prob = 1.0
addict: noun prob = 1.0, verb prob = 1.0
sub-let: noun prob = 0.75, verb prob = 0.75
accent: noun prob = 0.0, verb prob = 0.0
Speaker 2 ================
reset: noun prob = 0.75, verb prob = 1.0
abstract: noun prob = 0.0, verb prob = 1.0
addict: noun prob = 1.0, verb prob = 1.0
sub-let: noun prob = 0.75, verb prob = 0.75
accent: noun prob = 0.0, verb prob = 0.0

Generation at year 1700
Speaker 3 ================
reset: noun prob = 0.75, verb prob = 1.0
abstract: noun prob = 0.0, verb prob = 1.0
addict: noun prob = 1.0, verb prob = 1.0
sub-let: noun prob = 0.75, verb prob = 0.75
accent: noun prob = 0.0, verb prob = 0.0
Speaker 1 ================
reset: noun prob = 0.75, verb prob = 1.0
abstract: noun prob = 0.0, verb prob = 1.0
addict: noun prob = 1.0, verb prob = 1.0
sub-let: noun prob = 0.75, verb prob = 0.75
accent: noun prob = 0.0, verb prob = 0.0
Speaker 2 ================
reset: noun prob = 0.75, verb prob = 1.0
abstract: noun prob = 0.0, verb prob = 1.0
addict: noun prob = 1.0, verb prob = 1.0
sub-let: noun prob = 0.75, verb prob = 0.75
accent: noun prob = 0.0, verb prob = 0.0
Speaker 0 ================
reset: noun prob = 0.75, verb prob = 1.0
abstract: noun prob = 0.0, verb prob = 1.0
addict: noun prob = 1.0, verb prob = 1.0
sub-let: noun prob = 0.75, verb prob = 0.75
accent: noun prob = 0.0, verb prob = 0.0
Speaker 4 ================
reset: noun prob = 0.75, verb prob = 1.0
abstract: noun prob = 0.0, verb prob = 1.0
addict: noun prob = 1.0, verb prob = 1.0
sub-let: noun prob = 0.75, verb prob = 0.75
accent: noun prob = 0.0, verb prob = 0.0

Generation at year 1725
Speaker 1 ================
reset: noun prob = 0.75, verb prob = 1.0
abstract: noun prob = 0.0, verb prob = 1.0
addict: noun prob = 1.0, verb prob = 1.0
sub-let: noun prob = 0.75, verb prob = 0.75
accent: noun prob = 0.0, verb prob = 0.0
Speaker 0 ================
reset: noun prob = 0.75, verb prob = 1.0
abstract: noun prob = 0.0, verb prob = 1.0
addict: noun prob = 1.0, verb prob = 1.0
sub-let: noun prob = 0.75, verb prob = 0.75
accent: noun prob = 0.0, verb prob = 0.0
Speaker 4 ================
reset: noun prob = 0.75, verb prob = 1.0
abstract: noun prob = 0.0, verb prob = 1.0
addict: noun prob = 1.0, verb prob = 1.0
sub-let: noun prob = 0.75, verb prob = 0.75
accent: noun prob = 0.0, verb prob = 0.0
Speaker 2 ================
reset: noun prob = 0.75, verb prob = 1.0
abstract: noun prob = 0.0, verb prob = 1.0
addict: noun prob = 1.0, verb prob = 1.0
sub-let: noun prob = 0.75, verb prob = 0.75
accent: noun prob = 0.0, verb prob = 0.0
Speaker 3 ================
reset: noun prob = 0.75, verb prob = 1.0
abstract: noun prob = 0.0, verb prob = 1.0
addict: noun prob = 1.0, verb prob = 1.0
sub-let: noun prob = 0.75, verb prob = 0.75
accent: noun prob = 0.0, verb prob = 0.0

Generation at year 1750
Speaker 4 ================
reset: noun prob = 0.75, verb prob = 1.0
abstract: noun prob = 0.0, verb prob = 1.0
addict: noun prob = 1.0, verb prob = 1.0
sub-let: noun prob = 0.75, verb prob = 0.75
accent: noun prob = 0.0, verb prob = 0.0
Speaker 3 ================
reset: noun prob = 0.75, verb prob = 1.0
abstract: noun prob = 0.0, verb prob = 1.0
addict: noun prob = 1.0, verb prob = 1.0
sub-let: noun prob = 0.75, verb prob = 0.75
accent: noun prob = 0.0, verb prob = 0.0
Speaker 1 ================
reset: noun prob = 0.75, verb prob = 1.0
abstract: noun prob = 0.0, verb prob = 1.0
addict: noun prob = 1.0, verb prob = 1.0
sub-let: noun prob = 0.75, verb prob = 0.75
accent: noun prob = 0.0, verb prob = 0.0
Speaker 0 ================
reset: noun prob = 0.75, verb prob = 1.0
abstract: noun prob = 0.0, verb prob = 1.0
addict: noun prob = 1.0, verb prob = 1.0
sub-let: noun prob = 0.75, verb prob = 0.75
accent: noun prob = 0.0, verb prob = 0.0
Speaker 2 ================
reset: noun prob = 0.75, verb prob = 1.0
abstract: noun prob = 0.0, verb prob = 1.0
addict: noun prob = 1.0, verb prob = 1.0
sub-let: noun prob = 0.75, verb prob = 0.75
accent: noun prob = 0.0, verb prob = 0.0

Generation at year 1775
Speaker 2 ================
reset: noun prob = 0.75, verb prob = 1.0
abstract: noun prob = 0.0, verb prob = 1.0
addict: noun prob = 1.0, verb prob = 1.0
sub-let: noun prob = 0.75, verb prob = 0.75
accent: noun prob = 0.0, verb prob = 0.0
Speaker 3 ================
reset: noun prob = 0.75, verb prob = 1.0
abstract: noun prob = 0.0, verb prob = 1.0
addict: noun prob = 1.0, verb prob = 1.0
sub-let: noun prob = 0.75, verb prob = 0.75
accent: noun prob = 0.0, verb prob = 0.0
Speaker 4 ================
reset: noun prob = 0.75, verb prob = 1.0
abstract: noun prob = 0.0, verb prob = 1.0
addict: noun prob = 1.0, verb prob = 1.0
sub-let: noun prob = 0.75, verb prob = 0.75
accent: noun prob = 0.0, verb prob = 0.0
Speaker 1 ================
reset: noun prob = 0.75, verb prob = 1.0
abstract: noun prob = 0.0, verb prob = 1.0
addict: noun prob = 1.0, verb prob = 1.0
sub-let: noun prob = 0.75, verb prob = 0.75
accent: noun prob = 0.0, verb prob = 0.0
Speaker 0 ================
reset: noun prob = 0.75, verb prob = 1.0
abstract: noun prob = 0.0, verb prob = 1.0
addict: noun prob = 1.0, verb prob = 1.0
sub-let: noun prob = 0.75, verb prob = 0.75
accent: noun prob = 0.0, verb prob = 0.0

Generation at year 1800
Speaker 1 ================
reset: noun prob = 0.75, verb prob = 1.0
abstract: noun prob = 0.0, verb prob = 1.0
addict: noun prob = 1.0, verb prob = 1.0
sub-let: noun prob = 0.75, verb prob = 0.75
accent: noun prob = 0.0, verb prob = 0.0
Speaker 4 ================
reset: noun prob = 0.75, verb prob = 1.0
abstract: noun prob = 0.0, verb prob = 1.0
addict: noun prob = 1.0, verb prob = 1.0
sub-let: noun prob = 0.75, verb prob = 0.75
accent: noun prob = 0.0, verb prob = 0.0
Speaker 0 ================
reset: noun prob = 0.75, verb prob = 1.0
abstract: noun prob = 0.0, verb prob = 1.0
addict: noun prob = 1.0, verb prob = 1.0
sub-let: noun prob = 0.75, verb prob = 0.75
accent: noun prob = 0.0, verb prob = 0.0
Speaker 2 ================
reset: noun prob = 0.75, verb prob = 1.0
abstract: noun prob = 0.0, verb prob = 1.0
addict: noun prob = 1.0, verb prob = 1.0
sub-let: noun prob = 0.75, verb prob = 0.75
accent: noun prob = 0.0, verb prob = 0.0
Speaker 3 ================
reset: noun prob = 0.75, verb prob = 1.0
abstract: noun prob = 0.0, verb prob = 1.0
addict: noun prob = 1.0, verb prob = 1.0
sub-let: noun prob = 0.75, verb prob = 0.75
accent: noun prob = 0.0, verb prob = 0.0

Generation at year 1825
Speaker 3 ================
reset: noun prob = 0.75, verb prob = 1.0
abstract: noun prob = 0.0, verb prob = 1.0
addict: noun prob = 1.0, verb prob = 1.0
sub-let: noun prob = 0.75, verb prob = 0.75
accent: noun prob = 0.0, verb prob = 0.0
Speaker 2 ================
reset: noun prob = 0.75, verb prob = 1.0
abstract: noun prob = 0.0, verb prob = 1.0
addict: noun prob = 1.0, verb prob = 1.0
sub-let: noun prob = 0.75, verb prob = 0.75
accent: noun prob = 0.0, verb prob = 0.0
Speaker 4 ================
reset: noun prob = 0.75, verb prob = 1.0
abstract: noun prob = 0.0, verb prob = 1.0
addict: noun prob = 1.0, verb prob = 1.0
sub-let: noun prob = 0.75, verb prob = 0.75
accent: noun prob = 0.0, verb prob = 0.0
Speaker 1 ================
reset: noun prob = 0.75, verb prob = 1.0
abstract: noun prob = 0.0, verb prob = 1.0
addict: noun prob = 1.0, verb prob = 1.0
sub-let: noun prob = 0.75, verb prob = 0.75
accent: noun prob = 0.0, verb prob = 0.0
Speaker 0 ================
reset: noun prob = 0.75, verb prob = 1.0
abstract: noun prob = 0.0, verb prob = 1.0
addict: noun prob = 1.0, verb prob = 1.0
sub-let: noun prob = 0.75, verb prob = 0.75
accent: noun prob = 0.0, verb prob = 0.0

Generation at year 1850
Speaker 2 ================
reset: noun prob = 0.75, verb prob = 1.0
abstract: noun prob = 0.0, verb prob = 1.0
addict: noun prob = 1.0, verb prob = 1.0
sub-let: noun prob = 0.75, verb prob = 0.75
accent: noun prob = 0.0, verb prob = 0.0
Speaker 3 ================
reset: noun prob = 0.75, verb prob = 1.0
abstract: noun prob = 0.0, verb prob = 1.0
addict: noun prob = 1.0, verb prob = 1.0
sub-let: noun prob = 0.75, verb prob = 0.75
accent: noun prob = 0.0, verb prob = 0.0
Speaker 4 ================
reset: noun prob = 0.75, verb prob = 1.0
abstract: noun prob = 0.0, verb prob = 1.0
addict: noun prob = 1.0, verb prob = 1.0
sub-let: noun prob = 0.75, verb prob = 0.75
accent: noun prob = 0.0, verb prob = 0.0
Speaker 0 ================
reset: noun prob = 0.75, verb prob = 1.0
abstract: noun prob = 0.0, verb prob = 1.0
addict: noun prob = 1.0, verb prob = 1.0
sub-let: noun prob = 0.75, verb prob = 0.75
accent: noun prob = 0.0, verb prob = 0.0
Speaker 1 ================
reset: noun prob = 0.75, verb prob = 1.0
abstract: noun prob = 0.0, verb prob = 1.0
addict: noun prob = 1.0, verb prob = 1.0
sub-let: noun prob = 0.75, verb prob = 0.75
accent: noun prob = 0.0, verb prob = 0.0

Generation at year 1875
Speaker 1 ================
reset: noun prob = 0.75, verb prob = 1.0
abstract: noun prob = 0.0, verb prob = 1.0
addict: noun prob = 1.0, verb prob = 1.0
sub-let: noun prob = 0.75, verb prob = 0.75
accent: noun prob = 0.0, verb prob = 0.0
Speaker 3 ================
reset: noun prob = 0.75, verb prob = 1.0
abstract: noun prob = 0.0, verb prob = 1.0
addict: noun prob = 1.0, verb prob = 1.0
sub-let: noun prob = 0.75, verb prob = 0.75
accent: noun prob = 0.0, verb prob = 0.0
Speaker 4 ================
reset: noun prob = 0.75, verb prob = 1.0
abstract: noun prob = 0.0, verb prob = 1.0
addict: noun prob = 1.0, verb prob = 1.0
sub-let: noun prob = 0.75, verb prob = 0.75
accent: noun prob = 0.0, verb prob = 0.0
Speaker 0 ================
reset: noun prob = 0.75, verb prob = 1.0
abstract: noun prob = 0.0, verb prob = 1.0
addict: noun prob = 1.0, verb prob = 1.0
sub-let: noun prob = 0.75, verb prob = 0.75
accent: noun prob = 0.0, verb prob = 0.0
Speaker 2 ================
reset: noun prob = 0.75, verb prob = 1.0
abstract: noun prob = 0.0, verb prob = 1.0
addict: noun prob = 1.0, verb prob = 1.0
sub-let: noun prob = 0.75, verb prob = 0.75
accent: noun prob = 0.0, verb prob = 0.0

Generation at year 1900
Speaker 4 ================
reset: noun prob = 0.75, verb prob = 1.0
abstract: noun prob = 0.0, verb prob = 1.0
addict: noun prob = 1.0, verb prob = 1.0
sub-let: noun prob = 0.75, verb prob = 0.75
accent: noun prob = 0.0, verb prob = 0.0
Speaker 2 ================
reset: noun prob = 0.75, verb prob = 1.0
abstract: noun prob = 0.0, verb prob = 1.0
addict: noun prob = 1.0, verb prob = 1.0
sub-let: noun prob = 0.75, verb prob = 0.75
accent: noun prob = 0.0, verb prob = 0.0
Speaker 1 ================
reset: noun prob = 0.75, verb prob = 1.0
abstract: noun prob = 0.0, verb prob = 1.0
addict: noun prob = 1.0, verb prob = 1.0
sub-let: noun prob = 0.75, verb prob = 0.75
accent: noun prob = 0.0, verb prob = 0.0
Speaker 3 ================
reset: noun prob = 0.75, verb prob = 1.0
abstract: noun prob = 0.0, verb prob = 1.0
addict: noun prob = 1.0, verb prob = 1.0
sub-let: noun prob = 0.75, verb prob = 0.75
accent: noun prob = 0.0, verb prob = 0.0
Speaker 0 ================
reset: noun prob = 0.75, verb prob = 1.0
abstract: noun prob = 0.0, verb prob = 1.0
addict: noun prob = 1.0, verb prob = 1.0
sub-let: noun prob = 0.75, verb prob = 0.75
accent: noun prob = 0.0, verb prob = 0.0

Generation at year 1925
Speaker 4 ================
reset: noun prob = 0.75, verb prob = 1.0
abstract: noun prob = 0.0, verb prob = 1.0
addict: noun prob = 1.0, verb prob = 1.0
sub-let: noun prob = 0.75, verb prob = 0.75
accent: noun prob = 0.0, verb prob = 0.0
Speaker 3 ================
reset: noun prob = 0.75, verb prob = 1.0
abstract: noun prob = 0.0, verb prob = 1.0
addict: noun prob = 1.0, verb prob = 1.0
sub-let: noun prob = 0.75, verb prob = 0.75
accent: noun prob = 0.0, verb prob = 0.0
Speaker 0 ================
reset: noun prob = 0.75, verb prob = 1.0
abstract: noun prob = 0.0, verb prob = 1.0
addict: noun prob = 1.0, verb prob = 1.0
sub-let: noun prob = 0.75, verb prob = 0.75
accent: noun prob = 0.0, verb prob = 0.0
Speaker 1 ================
reset: noun prob = 0.75, verb prob = 1.0
abstract: noun prob = 0.0, verb prob = 1.0
addict: noun prob = 1.0, verb prob = 1.0
sub-let: noun prob = 0.75, verb prob = 0.75
accent: noun prob = 0.0, verb prob = 0.0
Speaker 2 ================
reset: noun prob = 0.75, verb prob = 1.0
abstract: noun prob = 0.0, verb prob = 1.0
addict: noun prob = 1.0, verb prob = 1.0
sub-let: noun prob = 0.75, verb prob = 0.75
accent: noun prob = 0.0, verb prob = 0.0

Generation at year 1950
Speaker 1 ================
reset: noun prob = 0.75, verb prob = 1.0
abstract: noun prob = 0.0, verb prob = 1.0
addict: noun prob = 1.0, verb prob = 1.0
sub-let: noun prob = 0.75, verb prob = 0.75
accent: noun prob = 0.0, verb prob = 0.0
Speaker 3 ================
reset: noun prob = 0.75, verb prob = 1.0
abstract: noun prob = 0.0, verb prob = 1.0
addict: noun prob = 1.0, verb prob = 1.0
sub-let: noun prob = 0.75, verb prob = 0.75
accent: noun prob = 0.0, verb prob = 0.0
Speaker 2 ================
reset: noun prob = 0.75, verb prob = 1.0
abstract: noun prob = 0.0, verb prob = 1.0
addict: noun prob = 1.0, verb prob = 1.0
sub-let: noun prob = 0.75, verb prob = 0.75
accent: noun prob = 0.0, verb prob = 0.0
Speaker 0 ================
reset: noun prob = 0.75, verb prob = 1.0
abstract: noun prob = 0.0, verb prob = 1.0
addict: noun prob = 1.0, verb prob = 1.0
sub-let: noun prob = 0.75, verb prob = 0.75
accent: noun prob = 0.0, verb prob = 0.0
Speaker 4 ================
reset: noun prob = 0.75, verb prob = 1.0
abstract: noun prob = 0.0, verb prob = 1.0
addict: noun prob = 1.0, verb prob = 1.0
sub-let: noun prob = 0.75, verb prob = 0.75
accent: noun prob = 0.0, verb prob = 0.0

Generation at year 1975
Speaker 0 ================
reset: noun prob = 0.75, verb prob = 1.0
abstract: noun prob = 0.0, verb prob = 1.0
addict: noun prob = 1.0, verb prob = 1.0
sub-let: noun prob = 0.75, verb prob = 0.75
accent: noun prob = 0.0, verb prob = 0.0
Speaker 1 ================
reset: noun prob = 0.75, verb prob = 1.0
abstract: noun prob = 0.0, verb prob = 1.0
addict: noun prob = 1.0, verb prob = 1.0
sub-let: noun prob = 0.75, verb prob = 0.75
accent: noun prob = 0.0, verb prob = 0.0
Speaker 2 ================
reset: noun prob = 0.75, verb prob = 1.0
abstract: noun prob = 0.0, verb prob = 1.0
addict: noun prob = 1.0, verb prob = 1.0
sub-let: noun prob = 0.75, verb prob = 0.75
accent: noun prob = 0.0, verb prob = 0.0
Speaker 4 ================
reset: noun prob = 0.75, verb prob = 1.0
abstract: noun prob = 0.0, verb prob = 1.0
addict: noun prob = 1.0, verb prob = 1.0
sub-let: noun prob = 0.75, verb prob = 0.75
accent: noun prob = 0.0, verb prob = 0.0
Speaker 3 ================
reset: noun prob = 0.75, verb prob = 1.0
abstract: noun prob = 0.0, verb prob = 1.0
addict: noun prob = 1.0, verb prob = 1.0
sub-let: noun prob = 0.75, verb prob = 0.75
accent: noun prob = 0.0, verb prob = 0.0
